[2026-05-20T02:47:47.816+0000] {taskinstance.py:1956} INFO - Dependencies all met for dep_context=non-requeueable deps ti=<TaskInstance: weather_etl_pipeline.transform_data scheduled__2026-05-19T00:00:00+00:00 [queued]>
[2026-05-20T02:47:47.831+0000] {taskinstance.py:1956} INFO - Dependencies all met for dep_context=requeueable deps ti=<TaskInstance: weather_etl_pipeline.transform_data scheduled__2026-05-19T00:00:00+00:00 [queued]>
[2026-05-20T02:47:47.833+0000] {taskinstance.py:2170} INFO - Starting attempt 1 of 2
[2026-05-20T02:47:47.869+0000] {taskinstance.py:2191} INFO - Executing <Task(PythonOperator): transform_data> on 2026-05-19 00:00:00+00:00
[2026-05-20T02:47:47.875+0000] {standard_task_runner.py:60} INFO - Started process 226 to run task
[2026-05-20T02:47:47.885+0000] {standard_task_runner.py:87} INFO - Running: ['***', 'tasks', 'run', 'weather_etl_pipeline', 'transform_data', 'scheduled__2026-05-19T00:00:00+00:00', '--job-id', '17', '--raw', '--subdir', 'DAGS_FOLDER/weather_pipeline.py', '--cfg-path', '/tmp/tmp9to09vzn']
[2026-05-20T02:47:47.893+0000] {standard_task_runner.py:88} INFO - Job 17: Subtask transform_data
[2026-05-20T02:47:48.070+0000] {task_command.py:423} INFO - Running <TaskInstance: weather_etl_pipeline.transform_data scheduled__2026-05-19T00:00:00+00:00 [running]> on host 9ac9fad90cac
[2026-05-20T02:47:48.836+0000] {taskinstance.py:2480} INFO - Exporting env vars: AIRFLOW_CTX_DAG_OWNER='you' AIRFLOW_CTX_DAG_ID='weather_etl_pipeline' AIRFLOW_CTX_TASK_ID='transform_data' AIRFLOW_CTX_EXECUTION_DATE='2026-05-19T00:00:00+00:00' AIRFLOW_CTX_TRY_NUMBER='1' AIRFLOW_CTX_DAG_RUN_ID='scheduled__2026-05-19T00:00:00+00:00'
[2026-05-20T02:47:48.920+0000] {taskinstance.py:2698} ERROR - Task failed with exception
Traceback (most recent call last):
  File "/home/airflow/.local/lib/python3.8/site-packages/airflow/models/taskinstance.py", line 433, in _execute_task
    result = execute_callable(context=context, **execute_callable_kwargs)
  File "/home/airflow/.local/lib/python3.8/site-packages/airflow/operators/python.py", line 199, in execute
    return_value = self.execute_callable()
  File "/home/airflow/.local/lib/python3.8/site-packages/airflow/operators/python.py", line 216, in execute_callable
    return self.python_callable(*self.op_args, **self.op_kwargs)
  File "/opt/airflow/dags/weather_pipeline.py", line 38, in transform_data
    raise Exception(result.stderr)
Exception: Cannot connect to the Docker daemon at unix:///var/run/docker.sock. Is the docker daemon running?

[2026-05-20T02:47:48.941+0000] {taskinstance.py:1138} INFO - Marking task as UP_FOR_RETRY. dag_id=weather_etl_pipeline, task_id=transform_data, execution_date=20260519T000000, start_date=20260520T024747, end_date=20260520T024748
[2026-05-20T02:47:49.169+0000] {standard_task_runner.py:107} ERROR - Failed to execute job 17 for task transform_data (Cannot connect to the Docker daemon at unix:///var/run/docker.sock. Is the docker daemon running?
; 226)
[2026-05-20T02:47:49.200+0000] {local_task_job_runner.py:234} INFO - Task exited with return code 1
[2026-05-20T02:47:49.243+0000] {taskinstance.py:3280} INFO - 0 downstream tasks scheduled from follow-on schedule check
