[2026-05-19T06:38:50.990+0000] {processor.py:161} INFO - Started process (PID=163) to work on /opt/airflow/dags/weather_pipeline.py
[2026-05-19T06:38:50.991+0000] {processor.py:830} INFO - Processing file /opt/airflow/dags/weather_pipeline.py for tasks to queue
[2026-05-19T06:38:50.992+0000] {logging_mixin.py:188} INFO - [2026-05-19T06:38:50.992+0000] {dagbag.py:538} INFO - Filling up the DagBag from /opt/airflow/dags/weather_pipeline.py
[2026-05-19T06:38:52.558+0000] {processor.py:840} INFO - DAG(s) 'weather_etl_pipeline' retrieved from /opt/airflow/dags/weather_pipeline.py
[2026-05-19T06:38:52.613+0000] {logging_mixin.py:188} INFO - [2026-05-19T06:38:52.612+0000] {dag.py:3036} INFO - Sync 1 DAGs
[2026-05-19T06:38:52.653+0000] {logging_mixin.py:188} INFO - [2026-05-19T06:38:52.653+0000] {dag.py:3823} INFO - Setting next_dagrun for weather_etl_pipeline to 2026-05-18 00:00:00+00:00, run_after=2026-05-19 00:00:00+00:00
[2026-05-19T06:38:52.685+0000] {processor.py:183} INFO - Processing /opt/airflow/dags/weather_pipeline.py took 1.699 seconds
[2026-05-19T06:39:22.906+0000] {processor.py:161} INFO - Started process (PID=169) to work on /opt/airflow/dags/weather_pipeline.py
[2026-05-19T06:39:22.908+0000] {processor.py:830} INFO - Processing file /opt/airflow/dags/weather_pipeline.py for tasks to queue
[2026-05-19T06:39:22.910+0000] {logging_mixin.py:188} INFO - [2026-05-19T06:39:22.909+0000] {dagbag.py:538} INFO - Filling up the DagBag from /opt/airflow/dags/weather_pipeline.py
[2026-05-19T06:39:23.433+0000] {processor.py:840} INFO - DAG(s) 'weather_etl_pipeline' retrieved from /opt/airflow/dags/weather_pipeline.py
[2026-05-19T06:39:23.964+0000] {logging_mixin.py:188} INFO - [2026-05-19T06:39:23.963+0000] {dag.py:3036} INFO - Sync 1 DAGs
[2026-05-19T06:39:23.987+0000] {logging_mixin.py:188} INFO - [2026-05-19T06:39:23.987+0000] {dag.py:3823} INFO - Setting next_dagrun for weather_etl_pipeline to 2026-05-18 00:00:00+00:00, run_after=2026-05-19 00:00:00+00:00
[2026-05-19T06:39:24.010+0000] {processor.py:183} INFO - Processing /opt/airflow/dags/weather_pipeline.py took 1.111 seconds
[2026-05-19T06:39:54.184+0000] {processor.py:161} INFO - Started process (PID=175) to work on /opt/airflow/dags/weather_pipeline.py
[2026-05-19T06:39:54.185+0000] {processor.py:830} INFO - Processing file /opt/airflow/dags/weather_pipeline.py for tasks to queue
[2026-05-19T06:39:54.186+0000] {logging_mixin.py:188} INFO - [2026-05-19T06:39:54.186+0000] {dagbag.py:538} INFO - Filling up the DagBag from /opt/airflow/dags/weather_pipeline.py
[2026-05-19T06:39:54.563+0000] {processor.py:840} INFO - DAG(s) 'weather_etl_pipeline' retrieved from /opt/airflow/dags/weather_pipeline.py
[2026-05-19T06:39:54.595+0000] {logging_mixin.py:188} INFO - [2026-05-19T06:39:54.595+0000] {dag.py:3036} INFO - Sync 1 DAGs
[2026-05-19T06:39:54.622+0000] {logging_mixin.py:188} INFO - [2026-05-19T06:39:54.622+0000] {dag.py:3823} INFO - Setting next_dagrun for weather_etl_pipeline to 2026-05-18 00:00:00+00:00, run_after=2026-05-19 00:00:00+00:00
[2026-05-19T06:39:54.680+0000] {processor.py:183} INFO - Processing /opt/airflow/dags/weather_pipeline.py took 0.501 seconds
[2026-05-19T06:40:25.007+0000] {processor.py:161} INFO - Started process (PID=181) to work on /opt/airflow/dags/weather_pipeline.py
[2026-05-19T06:40:25.009+0000] {processor.py:830} INFO - Processing file /opt/airflow/dags/weather_pipeline.py for tasks to queue
[2026-05-19T06:40:25.010+0000] {logging_mixin.py:188} INFO - [2026-05-19T06:40:25.009+0000] {dagbag.py:538} INFO - Filling up the DagBag from /opt/airflow/dags/weather_pipeline.py
[2026-05-19T06:40:25.350+0000] {processor.py:840} INFO - DAG(s) 'weather_etl_pipeline' retrieved from /opt/airflow/dags/weather_pipeline.py
[2026-05-19T06:40:25.384+0000] {logging_mixin.py:188} INFO - [2026-05-19T06:40:25.384+0000] {dag.py:3036} INFO - Sync 1 DAGs
[2026-05-19T06:40:25.414+0000] {logging_mixin.py:188} INFO - [2026-05-19T06:40:25.414+0000] {dag.py:3823} INFO - Setting next_dagrun for weather_etl_pipeline to 2026-05-18 00:00:00+00:00, run_after=2026-05-19 00:00:00+00:00
[2026-05-19T06:40:25.454+0000] {processor.py:183} INFO - Processing /opt/airflow/dags/weather_pipeline.py took 0.450 seconds
[2026-05-19T06:40:55.778+0000] {processor.py:161} INFO - Started process (PID=187) to work on /opt/airflow/dags/weather_pipeline.py
[2026-05-19T06:40:55.781+0000] {processor.py:830} INFO - Processing file /opt/airflow/dags/weather_pipeline.py for tasks to queue
[2026-05-19T06:40:55.783+0000] {logging_mixin.py:188} INFO - [2026-05-19T06:40:55.783+0000] {dagbag.py:538} INFO - Filling up the DagBag from /opt/airflow/dags/weather_pipeline.py
[2026-05-19T06:40:56.197+0000] {processor.py:840} INFO - DAG(s) 'weather_etl_pipeline' retrieved from /opt/airflow/dags/weather_pipeline.py
[2026-05-19T06:40:56.229+0000] {logging_mixin.py:188} INFO - [2026-05-19T06:40:56.229+0000] {dag.py:3036} INFO - Sync 1 DAGs
[2026-05-19T06:40:56.256+0000] {logging_mixin.py:188} INFO - [2026-05-19T06:40:56.256+0000] {dag.py:3823} INFO - Setting next_dagrun for weather_etl_pipeline to 2026-05-18 00:00:00+00:00, run_after=2026-05-19 00:00:00+00:00
[2026-05-19T06:40:56.286+0000] {processor.py:183} INFO - Processing /opt/airflow/dags/weather_pipeline.py took 0.515 seconds
[2026-05-19T06:41:26.606+0000] {processor.py:161} INFO - Started process (PID=193) to work on /opt/airflow/dags/weather_pipeline.py
[2026-05-19T06:41:26.607+0000] {processor.py:830} INFO - Processing file /opt/airflow/dags/weather_pipeline.py for tasks to queue
[2026-05-19T06:41:26.608+0000] {logging_mixin.py:188} INFO - [2026-05-19T06:41:26.608+0000] {dagbag.py:538} INFO - Filling up the DagBag from /opt/airflow/dags/weather_pipeline.py
[2026-05-19T06:41:26.971+0000] {processor.py:840} INFO - DAG(s) 'weather_etl_pipeline' retrieved from /opt/airflow/dags/weather_pipeline.py
[2026-05-19T06:41:27.015+0000] {logging_mixin.py:188} INFO - [2026-05-19T06:41:27.014+0000] {dag.py:3036} INFO - Sync 1 DAGs
[2026-05-19T06:41:27.047+0000] {logging_mixin.py:188} INFO - [2026-05-19T06:41:27.046+0000] {dag.py:3823} INFO - Setting next_dagrun for weather_etl_pipeline to 2026-05-18 00:00:00+00:00, run_after=2026-05-19 00:00:00+00:00
[2026-05-19T06:41:27.075+0000] {processor.py:183} INFO - Processing /opt/airflow/dags/weather_pipeline.py took 0.472 seconds
[2026-05-19T06:41:57.438+0000] {processor.py:161} INFO - Started process (PID=199) to work on /opt/airflow/dags/weather_pipeline.py
[2026-05-19T06:41:57.439+0000] {processor.py:830} INFO - Processing file /opt/airflow/dags/weather_pipeline.py for tasks to queue
[2026-05-19T06:41:57.441+0000] {logging_mixin.py:188} INFO - [2026-05-19T06:41:57.440+0000] {dagbag.py:538} INFO - Filling up the DagBag from /opt/airflow/dags/weather_pipeline.py
[2026-05-19T06:41:58.525+0000] {processor.py:840} INFO - DAG(s) 'weather_etl_pipeline' retrieved from /opt/airflow/dags/weather_pipeline.py
[2026-05-19T06:41:58.591+0000] {logging_mixin.py:188} INFO - [2026-05-19T06:41:58.591+0000] {dag.py:3036} INFO - Sync 1 DAGs
[2026-05-19T06:41:58.662+0000] {logging_mixin.py:188} INFO - [2026-05-19T06:41:58.662+0000] {dag.py:3823} INFO - Setting next_dagrun for weather_etl_pipeline to 2026-05-18 00:00:00+00:00, run_after=2026-05-19 00:00:00+00:00
[2026-05-19T06:41:58.762+0000] {processor.py:183} INFO - Processing /opt/airflow/dags/weather_pipeline.py took 1.329 seconds
[2026-05-19T06:42:29.086+0000] {processor.py:161} INFO - Started process (PID=205) to work on /opt/airflow/dags/weather_pipeline.py
[2026-05-19T06:42:29.088+0000] {processor.py:830} INFO - Processing file /opt/airflow/dags/weather_pipeline.py for tasks to queue
[2026-05-19T06:42:29.090+0000] {logging_mixin.py:188} INFO - [2026-05-19T06:42:29.089+0000] {dagbag.py:538} INFO - Filling up the DagBag from /opt/airflow/dags/weather_pipeline.py
[2026-05-19T06:42:29.459+0000] {processor.py:840} INFO - DAG(s) 'weather_etl_pipeline' retrieved from /opt/airflow/dags/weather_pipeline.py
[2026-05-19T06:42:29.493+0000] {logging_mixin.py:188} INFO - [2026-05-19T06:42:29.492+0000] {dag.py:3036} INFO - Sync 1 DAGs
[2026-05-19T06:42:29.568+0000] {logging_mixin.py:188} INFO - [2026-05-19T06:42:29.568+0000] {dag.py:3823} INFO - Setting next_dagrun for weather_etl_pipeline to 2026-05-18 00:00:00+00:00, run_after=2026-05-19 00:00:00+00:00
[2026-05-19T06:42:29.624+0000] {processor.py:183} INFO - Processing /opt/airflow/dags/weather_pipeline.py took 0.543 seconds
[2026-05-19T06:42:59.769+0000] {processor.py:161} INFO - Started process (PID=211) to work on /opt/airflow/dags/weather_pipeline.py
[2026-05-19T06:42:59.770+0000] {processor.py:830} INFO - Processing file /opt/airflow/dags/weather_pipeline.py for tasks to queue
[2026-05-19T06:42:59.771+0000] {logging_mixin.py:188} INFO - [2026-05-19T06:42:59.771+0000] {dagbag.py:538} INFO - Filling up the DagBag from /opt/airflow/dags/weather_pipeline.py
[2026-05-19T06:43:00.224+0000] {processor.py:840} INFO - DAG(s) 'weather_etl_pipeline' retrieved from /opt/airflow/dags/weather_pipeline.py
[2026-05-19T06:43:00.258+0000] {logging_mixin.py:188} INFO - [2026-05-19T06:43:00.257+0000] {dag.py:3036} INFO - Sync 1 DAGs
[2026-05-19T06:43:00.295+0000] {logging_mixin.py:188} INFO - [2026-05-19T06:43:00.295+0000] {dag.py:3823} INFO - Setting next_dagrun for weather_etl_pipeline to 2026-05-18 00:00:00+00:00, run_after=2026-05-19 00:00:00+00:00
[2026-05-19T06:43:00.364+0000] {processor.py:183} INFO - Processing /opt/airflow/dags/weather_pipeline.py took 0.602 seconds
[2026-05-19T06:43:30.823+0000] {processor.py:161} INFO - Started process (PID=217) to work on /opt/airflow/dags/weather_pipeline.py
[2026-05-19T06:43:30.824+0000] {processor.py:830} INFO - Processing file /opt/airflow/dags/weather_pipeline.py for tasks to queue
[2026-05-19T06:43:30.826+0000] {logging_mixin.py:188} INFO - [2026-05-19T06:43:30.825+0000] {dagbag.py:538} INFO - Filling up the DagBag from /opt/airflow/dags/weather_pipeline.py
[2026-05-19T06:43:31.240+0000] {processor.py:840} INFO - DAG(s) 'weather_etl_pipeline' retrieved from /opt/airflow/dags/weather_pipeline.py
[2026-05-19T06:43:31.584+0000] {logging_mixin.py:188} INFO - [2026-05-19T06:43:31.582+0000] {dag.py:3036} INFO - Sync 1 DAGs
[2026-05-19T06:43:31.632+0000] {logging_mixin.py:188} INFO - [2026-05-19T06:43:31.631+0000] {dag.py:3823} INFO - Setting next_dagrun for weather_etl_pipeline to 2026-05-18 00:00:00+00:00, run_after=2026-05-19 00:00:00+00:00
[2026-05-19T06:43:31.674+0000] {processor.py:183} INFO - Processing /opt/airflow/dags/weather_pipeline.py took 0.855 seconds
[2026-05-19T06:44:02.095+0000] {processor.py:161} INFO - Started process (PID=223) to work on /opt/airflow/dags/weather_pipeline.py
[2026-05-19T06:44:02.096+0000] {processor.py:830} INFO - Processing file /opt/airflow/dags/weather_pipeline.py for tasks to queue
[2026-05-19T06:44:02.097+0000] {logging_mixin.py:188} INFO - [2026-05-19T06:44:02.097+0000] {dagbag.py:538} INFO - Filling up the DagBag from /opt/airflow/dags/weather_pipeline.py
[2026-05-19T06:44:02.526+0000] {processor.py:840} INFO - DAG(s) 'weather_etl_pipeline' retrieved from /opt/airflow/dags/weather_pipeline.py
[2026-05-19T06:44:02.561+0000] {logging_mixin.py:188} INFO - [2026-05-19T06:44:02.560+0000] {dag.py:3036} INFO - Sync 1 DAGs
[2026-05-19T06:44:02.593+0000] {logging_mixin.py:188} INFO - [2026-05-19T06:44:02.593+0000] {dag.py:3823} INFO - Setting next_dagrun for weather_etl_pipeline to 2026-05-18 00:00:00+00:00, run_after=2026-05-19 00:00:00+00:00
[2026-05-19T06:44:02.621+0000] {processor.py:183} INFO - Processing /opt/airflow/dags/weather_pipeline.py took 0.531 seconds
[2026-05-19T06:44:32.991+0000] {processor.py:161} INFO - Started process (PID=229) to work on /opt/airflow/dags/weather_pipeline.py
[2026-05-19T06:44:32.998+0000] {processor.py:830} INFO - Processing file /opt/airflow/dags/weather_pipeline.py for tasks to queue
[2026-05-19T06:44:33.004+0000] {logging_mixin.py:188} INFO - [2026-05-19T06:44:33.003+0000] {dagbag.py:538} INFO - Filling up the DagBag from /opt/airflow/dags/weather_pipeline.py
[2026-05-19T06:44:33.433+0000] {processor.py:840} INFO - DAG(s) 'weather_etl_pipeline' retrieved from /opt/airflow/dags/weather_pipeline.py
[2026-05-19T06:44:33.465+0000] {logging_mixin.py:188} INFO - [2026-05-19T06:44:33.465+0000] {dag.py:3036} INFO - Sync 1 DAGs
[2026-05-19T06:44:33.495+0000] {logging_mixin.py:188} INFO - [2026-05-19T06:44:33.495+0000] {dag.py:3823} INFO - Setting next_dagrun for weather_etl_pipeline to 2026-05-18 00:00:00+00:00, run_after=2026-05-19 00:00:00+00:00
[2026-05-19T06:44:33.570+0000] {processor.py:183} INFO - Processing /opt/airflow/dags/weather_pipeline.py took 0.583 seconds
[2026-05-19T06:45:03.787+0000] {processor.py:161} INFO - Started process (PID=235) to work on /opt/airflow/dags/weather_pipeline.py
[2026-05-19T06:45:03.789+0000] {processor.py:830} INFO - Processing file /opt/airflow/dags/weather_pipeline.py for tasks to queue
[2026-05-19T06:45:03.790+0000] {logging_mixin.py:188} INFO - [2026-05-19T06:45:03.790+0000] {dagbag.py:538} INFO - Filling up the DagBag from /opt/airflow/dags/weather_pipeline.py
[2026-05-19T06:45:04.412+0000] {processor.py:840} INFO - DAG(s) 'weather_etl_pipeline' retrieved from /opt/airflow/dags/weather_pipeline.py
[2026-05-19T06:45:04.500+0000] {logging_mixin.py:188} INFO - [2026-05-19T06:45:04.499+0000] {dag.py:3036} INFO - Sync 1 DAGs
[2026-05-19T06:45:04.589+0000] {logging_mixin.py:188} INFO - [2026-05-19T06:45:04.589+0000] {dag.py:3823} INFO - Setting next_dagrun for weather_etl_pipeline to 2026-05-18 00:00:00+00:00, run_after=2026-05-19 00:00:00+00:00
[2026-05-19T06:45:04.651+0000] {processor.py:183} INFO - Processing /opt/airflow/dags/weather_pipeline.py took 0.869 seconds
[2026-05-19T06:45:35.244+0000] {processor.py:161} INFO - Started process (PID=241) to work on /opt/airflow/dags/weather_pipeline.py
[2026-05-19T06:45:35.245+0000] {processor.py:830} INFO - Processing file /opt/airflow/dags/weather_pipeline.py for tasks to queue
[2026-05-19T06:45:35.247+0000] {logging_mixin.py:188} INFO - [2026-05-19T06:45:35.246+0000] {dagbag.py:538} INFO - Filling up the DagBag from /opt/airflow/dags/weather_pipeline.py
[2026-05-19T06:45:38.555+0000] {processor.py:840} INFO - DAG(s) 'weather_etl_pipeline' retrieved from /opt/airflow/dags/weather_pipeline.py
[2026-05-19T06:45:38.591+0000] {logging_mixin.py:188} INFO - [2026-05-19T06:45:38.591+0000] {dag.py:3036} INFO - Sync 1 DAGs
[2026-05-19T06:45:38.637+0000] {logging_mixin.py:188} INFO - [2026-05-19T06:45:38.636+0000] {dag.py:3823} INFO - Setting next_dagrun for weather_etl_pipeline to 2026-05-18 00:00:00+00:00, run_after=2026-05-19 00:00:00+00:00
[2026-05-19T06:45:38.728+0000] {processor.py:183} INFO - Processing /opt/airflow/dags/weather_pipeline.py took 3.487 seconds
[2026-05-19T06:46:08.918+0000] {processor.py:161} INFO - Started process (PID=247) to work on /opt/airflow/dags/weather_pipeline.py
[2026-05-19T06:46:08.919+0000] {processor.py:830} INFO - Processing file /opt/airflow/dags/weather_pipeline.py for tasks to queue
[2026-05-19T06:46:08.921+0000] {logging_mixin.py:188} INFO - [2026-05-19T06:46:08.920+0000] {dagbag.py:538} INFO - Filling up the DagBag from /opt/airflow/dags/weather_pipeline.py
[2026-05-19T06:46:09.322+0000] {processor.py:840} INFO - DAG(s) 'weather_etl_pipeline' retrieved from /opt/airflow/dags/weather_pipeline.py
[2026-05-19T06:46:09.353+0000] {logging_mixin.py:188} INFO - [2026-05-19T06:46:09.353+0000] {dag.py:3036} INFO - Sync 1 DAGs
[2026-05-19T06:46:09.379+0000] {logging_mixin.py:188} INFO - [2026-05-19T06:46:09.378+0000] {dag.py:3823} INFO - Setting next_dagrun for weather_etl_pipeline to 2026-05-18 00:00:00+00:00, run_after=2026-05-19 00:00:00+00:00
[2026-05-19T06:46:09.406+0000] {processor.py:183} INFO - Processing /opt/airflow/dags/weather_pipeline.py took 0.493 seconds
[2026-05-19T06:46:39.685+0000] {processor.py:161} INFO - Started process (PID=253) to work on /opt/airflow/dags/weather_pipeline.py
[2026-05-19T06:46:39.687+0000] {processor.py:830} INFO - Processing file /opt/airflow/dags/weather_pipeline.py for tasks to queue
[2026-05-19T06:46:39.689+0000] {logging_mixin.py:188} INFO - [2026-05-19T06:46:39.688+0000] {dagbag.py:538} INFO - Filling up the DagBag from /opt/airflow/dags/weather_pipeline.py
[2026-05-19T06:46:40.296+0000] {processor.py:840} INFO - DAG(s) 'weather_etl_pipeline' retrieved from /opt/airflow/dags/weather_pipeline.py
[2026-05-19T06:46:40.333+0000] {logging_mixin.py:188} INFO - [2026-05-19T06:46:40.332+0000] {dag.py:3036} INFO - Sync 1 DAGs
[2026-05-19T06:46:40.362+0000] {logging_mixin.py:188} INFO - [2026-05-19T06:46:40.362+0000] {dag.py:3823} INFO - Setting next_dagrun for weather_etl_pipeline to 2026-05-18 00:00:00+00:00, run_after=2026-05-19 00:00:00+00:00
[2026-05-19T06:46:40.386+0000] {processor.py:183} INFO - Processing /opt/airflow/dags/weather_pipeline.py took 0.707 seconds
[2026-05-19T06:47:10.622+0000] {processor.py:161} INFO - Started process (PID=259) to work on /opt/airflow/dags/weather_pipeline.py
[2026-05-19T06:47:10.624+0000] {processor.py:830} INFO - Processing file /opt/airflow/dags/weather_pipeline.py for tasks to queue
[2026-05-19T06:47:10.625+0000] {logging_mixin.py:188} INFO - [2026-05-19T06:47:10.624+0000] {dagbag.py:538} INFO - Filling up the DagBag from /opt/airflow/dags/weather_pipeline.py
[2026-05-19T06:47:11.069+0000] {processor.py:840} INFO - DAG(s) 'weather_etl_pipeline' retrieved from /opt/airflow/dags/weather_pipeline.py
[2026-05-19T06:47:11.108+0000] {logging_mixin.py:188} INFO - [2026-05-19T06:47:11.107+0000] {dag.py:3036} INFO - Sync 1 DAGs
[2026-05-19T06:47:11.146+0000] {logging_mixin.py:188} INFO - [2026-05-19T06:47:11.146+0000] {dag.py:3823} INFO - Setting next_dagrun for weather_etl_pipeline to 2026-05-18 00:00:00+00:00, run_after=2026-05-19 00:00:00+00:00
[2026-05-19T06:47:11.177+0000] {processor.py:183} INFO - Processing /opt/airflow/dags/weather_pipeline.py took 0.558 seconds
[2026-05-19T06:47:41.429+0000] {processor.py:161} INFO - Started process (PID=265) to work on /opt/airflow/dags/weather_pipeline.py
[2026-05-19T06:47:41.430+0000] {processor.py:830} INFO - Processing file /opt/airflow/dags/weather_pipeline.py for tasks to queue
[2026-05-19T06:47:41.431+0000] {logging_mixin.py:188} INFO - [2026-05-19T06:47:41.431+0000] {dagbag.py:538} INFO - Filling up the DagBag from /opt/airflow/dags/weather_pipeline.py
[2026-05-19T06:47:41.870+0000] {processor.py:840} INFO - DAG(s) 'weather_etl_pipeline' retrieved from /opt/airflow/dags/weather_pipeline.py
[2026-05-19T06:47:41.908+0000] {logging_mixin.py:188} INFO - [2026-05-19T06:47:41.908+0000] {dag.py:3036} INFO - Sync 1 DAGs
[2026-05-19T06:47:41.938+0000] {logging_mixin.py:188} INFO - [2026-05-19T06:47:41.938+0000] {dag.py:3823} INFO - Setting next_dagrun for weather_etl_pipeline to 2026-05-18 00:00:00+00:00, run_after=2026-05-19 00:00:00+00:00
[2026-05-19T06:47:41.970+0000] {processor.py:183} INFO - Processing /opt/airflow/dags/weather_pipeline.py took 0.545 seconds
[2026-05-19T06:48:12.109+0000] {processor.py:161} INFO - Started process (PID=271) to work on /opt/airflow/dags/weather_pipeline.py
[2026-05-19T06:48:12.110+0000] {processor.py:830} INFO - Processing file /opt/airflow/dags/weather_pipeline.py for tasks to queue
[2026-05-19T06:48:12.111+0000] {logging_mixin.py:188} INFO - [2026-05-19T06:48:12.111+0000] {dagbag.py:538} INFO - Filling up the DagBag from /opt/airflow/dags/weather_pipeline.py
[2026-05-19T06:48:12.605+0000] {processor.py:840} INFO - DAG(s) 'weather_etl_pipeline' retrieved from /opt/airflow/dags/weather_pipeline.py
[2026-05-19T06:48:12.648+0000] {logging_mixin.py:188} INFO - [2026-05-19T06:48:12.648+0000] {dag.py:3036} INFO - Sync 1 DAGs
[2026-05-19T06:48:12.680+0000] {logging_mixin.py:188} INFO - [2026-05-19T06:48:12.680+0000] {dag.py:3823} INFO - Setting next_dagrun for weather_etl_pipeline to 2026-05-18 00:00:00+00:00, run_after=2026-05-19 00:00:00+00:00
[2026-05-19T06:48:12.722+0000] {processor.py:183} INFO - Processing /opt/airflow/dags/weather_pipeline.py took 0.617 seconds
[2026-05-19T06:48:42.999+0000] {processor.py:161} INFO - Started process (PID=277) to work on /opt/airflow/dags/weather_pipeline.py
[2026-05-19T06:48:43.002+0000] {processor.py:830} INFO - Processing file /opt/airflow/dags/weather_pipeline.py for tasks to queue
[2026-05-19T06:48:43.004+0000] {logging_mixin.py:188} INFO - [2026-05-19T06:48:43.003+0000] {dagbag.py:538} INFO - Filling up the DagBag from /opt/airflow/dags/weather_pipeline.py
[2026-05-19T06:48:43.418+0000] {processor.py:840} INFO - DAG(s) 'weather_etl_pipeline' retrieved from /opt/airflow/dags/weather_pipeline.py
[2026-05-19T06:48:43.454+0000] {logging_mixin.py:188} INFO - [2026-05-19T06:48:43.454+0000] {dag.py:3036} INFO - Sync 1 DAGs
[2026-05-19T06:48:43.484+0000] {logging_mixin.py:188} INFO - [2026-05-19T06:48:43.484+0000] {dag.py:3823} INFO - Setting next_dagrun for weather_etl_pipeline to 2026-05-18 00:00:00+00:00, run_after=2026-05-19 00:00:00+00:00
[2026-05-19T06:48:43.520+0000] {processor.py:183} INFO - Processing /opt/airflow/dags/weather_pipeline.py took 0.524 seconds
[2026-05-19T06:49:13.758+0000] {processor.py:161} INFO - Started process (PID=283) to work on /opt/airflow/dags/weather_pipeline.py
[2026-05-19T06:49:13.759+0000] {processor.py:830} INFO - Processing file /opt/airflow/dags/weather_pipeline.py for tasks to queue
[2026-05-19T06:49:13.760+0000] {logging_mixin.py:188} INFO - [2026-05-19T06:49:13.760+0000] {dagbag.py:538} INFO - Filling up the DagBag from /opt/airflow/dags/weather_pipeline.py
[2026-05-19T06:49:14.164+0000] {processor.py:840} INFO - DAG(s) 'weather_etl_pipeline' retrieved from /opt/airflow/dags/weather_pipeline.py
[2026-05-19T06:49:14.198+0000] {logging_mixin.py:188} INFO - [2026-05-19T06:49:14.197+0000] {dag.py:3036} INFO - Sync 1 DAGs
[2026-05-19T06:49:14.236+0000] {logging_mixin.py:188} INFO - [2026-05-19T06:49:14.234+0000] {dag.py:3823} INFO - Setting next_dagrun for weather_etl_pipeline to 2026-05-18 00:00:00+00:00, run_after=2026-05-19 00:00:00+00:00
[2026-05-19T06:49:14.428+0000] {processor.py:183} INFO - Processing /opt/airflow/dags/weather_pipeline.py took 0.674 seconds
[2026-05-19T06:49:44.691+0000] {processor.py:161} INFO - Started process (PID=289) to work on /opt/airflow/dags/weather_pipeline.py
[2026-05-19T06:49:44.692+0000] {processor.py:830} INFO - Processing file /opt/airflow/dags/weather_pipeline.py for tasks to queue
[2026-05-19T06:49:44.694+0000] {logging_mixin.py:188} INFO - [2026-05-19T06:49:44.694+0000] {dagbag.py:538} INFO - Filling up the DagBag from /opt/airflow/dags/weather_pipeline.py
[2026-05-19T06:49:45.080+0000] {processor.py:840} INFO - DAG(s) 'weather_etl_pipeline' retrieved from /opt/airflow/dags/weather_pipeline.py
[2026-05-19T06:49:45.123+0000] {logging_mixin.py:188} INFO - [2026-05-19T06:49:45.122+0000] {dag.py:3036} INFO - Sync 1 DAGs
[2026-05-19T06:49:45.150+0000] {logging_mixin.py:188} INFO - [2026-05-19T06:49:45.150+0000] {dag.py:3823} INFO - Setting next_dagrun for weather_etl_pipeline to 2026-05-18 00:00:00+00:00, run_after=2026-05-19 00:00:00+00:00
[2026-05-19T06:49:45.178+0000] {processor.py:183} INFO - Processing /opt/airflow/dags/weather_pipeline.py took 0.490 seconds
[2026-05-19T06:50:15.597+0000] {processor.py:161} INFO - Started process (PID=295) to work on /opt/airflow/dags/weather_pipeline.py
[2026-05-19T06:50:15.598+0000] {processor.py:830} INFO - Processing file /opt/airflow/dags/weather_pipeline.py for tasks to queue
[2026-05-19T06:50:15.600+0000] {logging_mixin.py:188} INFO - [2026-05-19T06:50:15.599+0000] {dagbag.py:538} INFO - Filling up the DagBag from /opt/airflow/dags/weather_pipeline.py
[2026-05-19T06:50:16.079+0000] {processor.py:840} INFO - DAG(s) 'weather_etl_pipeline' retrieved from /opt/airflow/dags/weather_pipeline.py
[2026-05-19T06:50:16.111+0000] {logging_mixin.py:188} INFO - [2026-05-19T06:50:16.111+0000] {dag.py:3036} INFO - Sync 1 DAGs
[2026-05-19T06:50:16.139+0000] {logging_mixin.py:188} INFO - [2026-05-19T06:50:16.138+0000] {dag.py:3823} INFO - Setting next_dagrun for weather_etl_pipeline to 2026-05-18 00:00:00+00:00, run_after=2026-05-19 00:00:00+00:00
[2026-05-19T06:50:16.165+0000] {processor.py:183} INFO - Processing /opt/airflow/dags/weather_pipeline.py took 0.572 seconds
[2026-05-19T06:50:46.419+0000] {processor.py:161} INFO - Started process (PID=301) to work on /opt/airflow/dags/weather_pipeline.py
[2026-05-19T06:50:46.420+0000] {processor.py:830} INFO - Processing file /opt/airflow/dags/weather_pipeline.py for tasks to queue
[2026-05-19T06:50:46.421+0000] {logging_mixin.py:188} INFO - [2026-05-19T06:50:46.421+0000] {dagbag.py:538} INFO - Filling up the DagBag from /opt/airflow/dags/weather_pipeline.py
[2026-05-19T06:50:46.787+0000] {processor.py:840} INFO - DAG(s) 'weather_etl_pipeline' retrieved from /opt/airflow/dags/weather_pipeline.py
[2026-05-19T06:50:46.823+0000] {logging_mixin.py:188} INFO - [2026-05-19T06:50:46.823+0000] {dag.py:3036} INFO - Sync 1 DAGs
[2026-05-19T06:50:46.855+0000] {logging_mixin.py:188} INFO - [2026-05-19T06:50:46.855+0000] {dag.py:3823} INFO - Setting next_dagrun for weather_etl_pipeline to 2026-05-18 00:00:00+00:00, run_after=2026-05-19 00:00:00+00:00
[2026-05-19T06:50:46.890+0000] {processor.py:183} INFO - Processing /opt/airflow/dags/weather_pipeline.py took 0.475 seconds
[2026-05-19T06:51:17.377+0000] {processor.py:161} INFO - Started process (PID=307) to work on /opt/airflow/dags/weather_pipeline.py
[2026-05-19T06:51:17.379+0000] {processor.py:830} INFO - Processing file /opt/airflow/dags/weather_pipeline.py for tasks to queue
[2026-05-19T06:51:17.380+0000] {logging_mixin.py:188} INFO - [2026-05-19T06:51:17.379+0000] {dagbag.py:538} INFO - Filling up the DagBag from /opt/airflow/dags/weather_pipeline.py
[2026-05-19T06:51:17.860+0000] {processor.py:840} INFO - DAG(s) 'weather_etl_pipeline' retrieved from /opt/airflow/dags/weather_pipeline.py
[2026-05-19T06:51:17.896+0000] {logging_mixin.py:188} INFO - [2026-05-19T06:51:17.895+0000] {dag.py:3036} INFO - Sync 1 DAGs
[2026-05-19T06:51:17.927+0000] {logging_mixin.py:188} INFO - [2026-05-19T06:51:17.926+0000] {dag.py:3823} INFO - Setting next_dagrun for weather_etl_pipeline to 2026-05-18 00:00:00+00:00, run_after=2026-05-19 00:00:00+00:00
[2026-05-19T06:51:17.959+0000] {processor.py:183} INFO - Processing /opt/airflow/dags/weather_pipeline.py took 0.585 seconds
[2026-05-19T06:51:48.172+0000] {processor.py:161} INFO - Started process (PID=313) to work on /opt/airflow/dags/weather_pipeline.py
[2026-05-19T06:51:48.173+0000] {processor.py:830} INFO - Processing file /opt/airflow/dags/weather_pipeline.py for tasks to queue
[2026-05-19T06:51:48.174+0000] {logging_mixin.py:188} INFO - [2026-05-19T06:51:48.174+0000] {dagbag.py:538} INFO - Filling up the DagBag from /opt/airflow/dags/weather_pipeline.py
[2026-05-19T06:51:48.644+0000] {processor.py:840} INFO - DAG(s) 'weather_etl_pipeline' retrieved from /opt/airflow/dags/weather_pipeline.py
[2026-05-19T06:51:48.679+0000] {logging_mixin.py:188} INFO - [2026-05-19T06:51:48.678+0000] {dag.py:3036} INFO - Sync 1 DAGs
[2026-05-19T06:51:48.738+0000] {logging_mixin.py:188} INFO - [2026-05-19T06:51:48.738+0000] {dag.py:3823} INFO - Setting next_dagrun for weather_etl_pipeline to 2026-05-18 00:00:00+00:00, run_after=2026-05-19 00:00:00+00:00
[2026-05-19T06:51:48.780+0000] {processor.py:183} INFO - Processing /opt/airflow/dags/weather_pipeline.py took 0.612 seconds
[2026-05-19T06:52:19.100+0000] {processor.py:161} INFO - Started process (PID=319) to work on /opt/airflow/dags/weather_pipeline.py
[2026-05-19T06:52:19.103+0000] {processor.py:830} INFO - Processing file /opt/airflow/dags/weather_pipeline.py for tasks to queue
[2026-05-19T06:52:19.105+0000] {logging_mixin.py:188} INFO - [2026-05-19T06:52:19.104+0000] {dagbag.py:538} INFO - Filling up the DagBag from /opt/airflow/dags/weather_pipeline.py
[2026-05-19T06:52:19.536+0000] {processor.py:840} INFO - DAG(s) 'weather_etl_pipeline' retrieved from /opt/airflow/dags/weather_pipeline.py
[2026-05-19T06:52:19.568+0000] {logging_mixin.py:188} INFO - [2026-05-19T06:52:19.568+0000] {dag.py:3036} INFO - Sync 1 DAGs
[2026-05-19T06:52:19.596+0000] {logging_mixin.py:188} INFO - [2026-05-19T06:52:19.595+0000] {dag.py:3823} INFO - Setting next_dagrun for weather_etl_pipeline to 2026-05-18 00:00:00+00:00, run_after=2026-05-19 00:00:00+00:00
[2026-05-19T06:52:19.790+0000] {processor.py:183} INFO - Processing /opt/airflow/dags/weather_pipeline.py took 0.694 seconds
[2026-05-19T06:52:50.263+0000] {processor.py:161} INFO - Started process (PID=351) to work on /opt/airflow/dags/weather_pipeline.py
[2026-05-19T06:52:50.265+0000] {processor.py:830} INFO - Processing file /opt/airflow/dags/weather_pipeline.py for tasks to queue
[2026-05-19T06:52:50.266+0000] {logging_mixin.py:188} INFO - [2026-05-19T06:52:50.266+0000] {dagbag.py:538} INFO - Filling up the DagBag from /opt/airflow/dags/weather_pipeline.py
[2026-05-19T06:52:50.694+0000] {processor.py:840} INFO - DAG(s) 'weather_etl_pipeline' retrieved from /opt/airflow/dags/weather_pipeline.py
[2026-05-19T06:52:50.730+0000] {logging_mixin.py:188} INFO - [2026-05-19T06:52:50.729+0000] {dag.py:3036} INFO - Sync 1 DAGs
[2026-05-19T06:52:50.759+0000] {logging_mixin.py:188} INFO - [2026-05-19T06:52:50.759+0000] {dag.py:3823} INFO - Setting next_dagrun for weather_etl_pipeline to 2026-05-19 00:00:00+00:00, run_after=2026-05-20 00:00:00+00:00
[2026-05-19T06:52:50.796+0000] {processor.py:183} INFO - Processing /opt/airflow/dags/weather_pipeline.py took 0.536 seconds
[2026-05-19T06:53:20.962+0000] {processor.py:161} INFO - Started process (PID=357) to work on /opt/airflow/dags/weather_pipeline.py
[2026-05-19T06:53:20.964+0000] {processor.py:830} INFO - Processing file /opt/airflow/dags/weather_pipeline.py for tasks to queue
[2026-05-19T06:53:20.965+0000] {logging_mixin.py:188} INFO - [2026-05-19T06:53:20.965+0000] {dagbag.py:538} INFO - Filling up the DagBag from /opt/airflow/dags/weather_pipeline.py
[2026-05-19T06:53:21.327+0000] {processor.py:840} INFO - DAG(s) 'weather_etl_pipeline' retrieved from /opt/airflow/dags/weather_pipeline.py
[2026-05-19T06:53:21.365+0000] {logging_mixin.py:188} INFO - [2026-05-19T06:53:21.365+0000] {dag.py:3036} INFO - Sync 1 DAGs
[2026-05-19T06:53:21.395+0000] {logging_mixin.py:188} INFO - [2026-05-19T06:53:21.395+0000] {dag.py:3823} INFO - Setting next_dagrun for weather_etl_pipeline to 2026-05-19 00:00:00+00:00, run_after=2026-05-20 00:00:00+00:00
[2026-05-19T06:53:21.425+0000] {processor.py:183} INFO - Processing /opt/airflow/dags/weather_pipeline.py took 0.469 seconds
[2026-05-19T06:53:51.693+0000] {processor.py:161} INFO - Started process (PID=363) to work on /opt/airflow/dags/weather_pipeline.py
[2026-05-19T06:53:51.695+0000] {processor.py:830} INFO - Processing file /opt/airflow/dags/weather_pipeline.py for tasks to queue
[2026-05-19T06:53:51.696+0000] {logging_mixin.py:188} INFO - [2026-05-19T06:53:51.696+0000] {dagbag.py:538} INFO - Filling up the DagBag from /opt/airflow/dags/weather_pipeline.py
[2026-05-19T06:53:52.033+0000] {processor.py:840} INFO - DAG(s) 'weather_etl_pipeline' retrieved from /opt/airflow/dags/weather_pipeline.py
[2026-05-19T06:53:52.066+0000] {logging_mixin.py:188} INFO - [2026-05-19T06:53:52.065+0000] {dag.py:3036} INFO - Sync 1 DAGs
[2026-05-19T06:53:52.093+0000] {logging_mixin.py:188} INFO - [2026-05-19T06:53:52.093+0000] {dag.py:3823} INFO - Setting next_dagrun for weather_etl_pipeline to 2026-05-19 00:00:00+00:00, run_after=2026-05-20 00:00:00+00:00
[2026-05-19T06:53:52.123+0000] {processor.py:183} INFO - Processing /opt/airflow/dags/weather_pipeline.py took 0.436 seconds
[2026-05-19T06:54:22.379+0000] {processor.py:161} INFO - Started process (PID=369) to work on /opt/airflow/dags/weather_pipeline.py
[2026-05-19T06:54:22.380+0000] {processor.py:830} INFO - Processing file /opt/airflow/dags/weather_pipeline.py for tasks to queue
[2026-05-19T06:54:22.382+0000] {logging_mixin.py:188} INFO - [2026-05-19T06:54:22.381+0000] {dagbag.py:538} INFO - Filling up the DagBag from /opt/airflow/dags/weather_pipeline.py
[2026-05-19T06:54:22.780+0000] {processor.py:840} INFO - DAG(s) 'weather_etl_pipeline' retrieved from /opt/airflow/dags/weather_pipeline.py
[2026-05-19T06:54:22.816+0000] {logging_mixin.py:188} INFO - [2026-05-19T06:54:22.816+0000] {dag.py:3036} INFO - Sync 1 DAGs
[2026-05-19T06:54:22.845+0000] {logging_mixin.py:188} INFO - [2026-05-19T06:54:22.845+0000] {dag.py:3823} INFO - Setting next_dagrun for weather_etl_pipeline to 2026-05-19 00:00:00+00:00, run_after=2026-05-20 00:00:00+00:00
[2026-05-19T06:54:22.878+0000] {processor.py:183} INFO - Processing /opt/airflow/dags/weather_pipeline.py took 0.503 seconds
[2026-05-19T06:54:53.133+0000] {processor.py:161} INFO - Started process (PID=375) to work on /opt/airflow/dags/weather_pipeline.py
[2026-05-19T06:54:53.135+0000] {processor.py:830} INFO - Processing file /opt/airflow/dags/weather_pipeline.py for tasks to queue
[2026-05-19T06:54:53.137+0000] {logging_mixin.py:188} INFO - [2026-05-19T06:54:53.136+0000] {dagbag.py:538} INFO - Filling up the DagBag from /opt/airflow/dags/weather_pipeline.py
[2026-05-19T06:54:53.519+0000] {processor.py:840} INFO - DAG(s) 'weather_etl_pipeline' retrieved from /opt/airflow/dags/weather_pipeline.py
[2026-05-19T06:54:53.551+0000] {logging_mixin.py:188} INFO - [2026-05-19T06:54:53.551+0000] {dag.py:3036} INFO - Sync 1 DAGs
[2026-05-19T06:54:53.578+0000] {logging_mixin.py:188} INFO - [2026-05-19T06:54:53.578+0000] {dag.py:3823} INFO - Setting next_dagrun for weather_etl_pipeline to 2026-05-19 00:00:00+00:00, run_after=2026-05-20 00:00:00+00:00
[2026-05-19T06:54:53.728+0000] {processor.py:183} INFO - Processing /opt/airflow/dags/weather_pipeline.py took 0.599 seconds
[2026-05-19T06:55:24.131+0000] {processor.py:161} INFO - Started process (PID=381) to work on /opt/airflow/dags/weather_pipeline.py
[2026-05-19T06:55:24.133+0000] {processor.py:830} INFO - Processing file /opt/airflow/dags/weather_pipeline.py for tasks to queue
[2026-05-19T06:55:24.135+0000] {logging_mixin.py:188} INFO - [2026-05-19T06:55:24.135+0000] {dagbag.py:538} INFO - Filling up the DagBag from /opt/airflow/dags/weather_pipeline.py
[2026-05-19T06:55:24.599+0000] {processor.py:840} INFO - DAG(s) 'weather_etl_pipeline' retrieved from /opt/airflow/dags/weather_pipeline.py
[2026-05-19T06:55:24.651+0000] {logging_mixin.py:188} INFO - [2026-05-19T06:55:24.650+0000] {dag.py:3036} INFO - Sync 1 DAGs
[2026-05-19T06:55:24.708+0000] {logging_mixin.py:188} INFO - [2026-05-19T06:55:24.708+0000] {dag.py:3823} INFO - Setting next_dagrun for weather_etl_pipeline to 2026-05-19 00:00:00+00:00, run_after=2026-05-20 00:00:00+00:00
[2026-05-19T06:55:24.898+0000] {processor.py:183} INFO - Processing /opt/airflow/dags/weather_pipeline.py took 0.772 seconds
[2026-05-19T06:55:55.032+0000] {processor.py:161} INFO - Started process (PID=387) to work on /opt/airflow/dags/weather_pipeline.py
[2026-05-19T06:55:55.034+0000] {processor.py:830} INFO - Processing file /opt/airflow/dags/weather_pipeline.py for tasks to queue
[2026-05-19T06:55:55.037+0000] {logging_mixin.py:188} INFO - [2026-05-19T06:55:55.036+0000] {dagbag.py:538} INFO - Filling up the DagBag from /opt/airflow/dags/weather_pipeline.py
[2026-05-19T06:55:55.423+0000] {processor.py:840} INFO - DAG(s) 'weather_etl_pipeline' retrieved from /opt/airflow/dags/weather_pipeline.py
[2026-05-19T06:55:55.467+0000] {logging_mixin.py:188} INFO - [2026-05-19T06:55:55.467+0000] {dag.py:3036} INFO - Sync 1 DAGs
[2026-05-19T06:55:55.511+0000] {logging_mixin.py:188} INFO - [2026-05-19T06:55:55.511+0000] {dag.py:3823} INFO - Setting next_dagrun for weather_etl_pipeline to 2026-05-19 00:00:00+00:00, run_after=2026-05-20 00:00:00+00:00
[2026-05-19T06:55:55.548+0000] {processor.py:183} INFO - Processing /opt/airflow/dags/weather_pipeline.py took 0.519 seconds
[2026-05-19T06:56:25.848+0000] {processor.py:161} INFO - Started process (PID=393) to work on /opt/airflow/dags/weather_pipeline.py
[2026-05-19T06:56:25.850+0000] {processor.py:830} INFO - Processing file /opt/airflow/dags/weather_pipeline.py for tasks to queue
[2026-05-19T06:56:25.851+0000] {logging_mixin.py:188} INFO - [2026-05-19T06:56:25.850+0000] {dagbag.py:538} INFO - Filling up the DagBag from /opt/airflow/dags/weather_pipeline.py
[2026-05-19T06:56:26.222+0000] {processor.py:840} INFO - DAG(s) 'weather_etl_pipeline' retrieved from /opt/airflow/dags/weather_pipeline.py
[2026-05-19T06:56:26.257+0000] {logging_mixin.py:188} INFO - [2026-05-19T06:56:26.257+0000] {dag.py:3036} INFO - Sync 1 DAGs
[2026-05-19T06:56:26.285+0000] {logging_mixin.py:188} INFO - [2026-05-19T06:56:26.285+0000] {dag.py:3823} INFO - Setting next_dagrun for weather_etl_pipeline to 2026-05-19 00:00:00+00:00, run_after=2026-05-20 00:00:00+00:00
[2026-05-19T06:56:26.316+0000] {processor.py:183} INFO - Processing /opt/airflow/dags/weather_pipeline.py took 0.471 seconds
[2026-05-19T06:56:56.669+0000] {processor.py:161} INFO - Started process (PID=399) to work on /opt/airflow/dags/weather_pipeline.py
[2026-05-19T06:56:56.670+0000] {processor.py:830} INFO - Processing file /opt/airflow/dags/weather_pipeline.py for tasks to queue
[2026-05-19T06:56:56.672+0000] {logging_mixin.py:188} INFO - [2026-05-19T06:56:56.671+0000] {dagbag.py:538} INFO - Filling up the DagBag from /opt/airflow/dags/weather_pipeline.py
[2026-05-19T06:56:57.108+0000] {processor.py:840} INFO - DAG(s) 'weather_etl_pipeline' retrieved from /opt/airflow/dags/weather_pipeline.py
[2026-05-19T06:56:57.143+0000] {logging_mixin.py:188} INFO - [2026-05-19T06:56:57.142+0000] {dag.py:3036} INFO - Sync 1 DAGs
[2026-05-19T06:56:57.172+0000] {logging_mixin.py:188} INFO - [2026-05-19T06:56:57.172+0000] {dag.py:3823} INFO - Setting next_dagrun for weather_etl_pipeline to 2026-05-19 00:00:00+00:00, run_after=2026-05-20 00:00:00+00:00
[2026-05-19T06:56:57.206+0000] {processor.py:183} INFO - Processing /opt/airflow/dags/weather_pipeline.py took 0.542 seconds
[2026-05-19T06:57:27.513+0000] {processor.py:161} INFO - Started process (PID=405) to work on /opt/airflow/dags/weather_pipeline.py
[2026-05-19T06:57:27.514+0000] {processor.py:830} INFO - Processing file /opt/airflow/dags/weather_pipeline.py for tasks to queue
[2026-05-19T06:57:27.516+0000] {logging_mixin.py:188} INFO - [2026-05-19T06:57:27.516+0000] {dagbag.py:538} INFO - Filling up the DagBag from /opt/airflow/dags/weather_pipeline.py
[2026-05-19T06:57:28.065+0000] {processor.py:840} INFO - DAG(s) 'weather_etl_pipeline' retrieved from /opt/airflow/dags/weather_pipeline.py
[2026-05-19T06:57:28.107+0000] {logging_mixin.py:188} INFO - [2026-05-19T06:57:28.106+0000] {dag.py:3036} INFO - Sync 1 DAGs
[2026-05-19T06:57:28.157+0000] {logging_mixin.py:188} INFO - [2026-05-19T06:57:28.157+0000] {dag.py:3823} INFO - Setting next_dagrun for weather_etl_pipeline to 2026-05-19 00:00:00+00:00, run_after=2026-05-20 00:00:00+00:00
[2026-05-19T06:57:28.208+0000] {processor.py:183} INFO - Processing /opt/airflow/dags/weather_pipeline.py took 0.706 seconds
[2026-05-19T06:57:58.538+0000] {processor.py:161} INFO - Started process (PID=429) to work on /opt/airflow/dags/weather_pipeline.py
[2026-05-19T06:57:58.540+0000] {processor.py:830} INFO - Processing file /opt/airflow/dags/weather_pipeline.py for tasks to queue
[2026-05-19T06:57:58.542+0000] {logging_mixin.py:188} INFO - [2026-05-19T06:57:58.541+0000] {dagbag.py:538} INFO - Filling up the DagBag from /opt/airflow/dags/weather_pipeline.py
[2026-05-19T06:57:58.911+0000] {processor.py:840} INFO - DAG(s) 'weather_etl_pipeline' retrieved from /opt/airflow/dags/weather_pipeline.py
[2026-05-19T06:57:58.946+0000] {logging_mixin.py:188} INFO - [2026-05-19T06:57:58.945+0000] {dag.py:3036} INFO - Sync 1 DAGs
[2026-05-19T06:57:58.976+0000] {logging_mixin.py:188} INFO - [2026-05-19T06:57:58.975+0000] {dag.py:3823} INFO - Setting next_dagrun for weather_etl_pipeline to 2026-05-19 00:00:00+00:00, run_after=2026-05-20 00:00:00+00:00
[2026-05-19T06:57:59.129+0000] {processor.py:183} INFO - Processing /opt/airflow/dags/weather_pipeline.py took 0.596 seconds
[2026-05-19T06:58:29.419+0000] {processor.py:161} INFO - Started process (PID=435) to work on /opt/airflow/dags/weather_pipeline.py
[2026-05-19T06:58:29.420+0000] {processor.py:830} INFO - Processing file /opt/airflow/dags/weather_pipeline.py for tasks to queue
[2026-05-19T06:58:29.421+0000] {logging_mixin.py:188} INFO - [2026-05-19T06:58:29.421+0000] {dagbag.py:538} INFO - Filling up the DagBag from /opt/airflow/dags/weather_pipeline.py
[2026-05-19T06:58:29.815+0000] {processor.py:840} INFO - DAG(s) 'weather_etl_pipeline' retrieved from /opt/airflow/dags/weather_pipeline.py
[2026-05-19T06:58:29.848+0000] {logging_mixin.py:188} INFO - [2026-05-19T06:58:29.847+0000] {dag.py:3036} INFO - Sync 1 DAGs
[2026-05-19T06:58:30.021+0000] {logging_mixin.py:188} INFO - [2026-05-19T06:58:30.021+0000] {dag.py:3823} INFO - Setting next_dagrun for weather_etl_pipeline to 2026-05-19 00:00:00+00:00, run_after=2026-05-20 00:00:00+00:00
[2026-05-19T06:58:30.058+0000] {processor.py:183} INFO - Processing /opt/airflow/dags/weather_pipeline.py took 0.642 seconds
[2026-05-19T06:59:00.455+0000] {processor.py:161} INFO - Started process (PID=441) to work on /opt/airflow/dags/weather_pipeline.py
[2026-05-19T06:59:00.456+0000] {processor.py:830} INFO - Processing file /opt/airflow/dags/weather_pipeline.py for tasks to queue
[2026-05-19T06:59:00.457+0000] {logging_mixin.py:188} INFO - [2026-05-19T06:59:00.457+0000] {dagbag.py:538} INFO - Filling up the DagBag from /opt/airflow/dags/weather_pipeline.py
[2026-05-19T06:59:00.832+0000] {processor.py:840} INFO - DAG(s) 'weather_etl_pipeline' retrieved from /opt/airflow/dags/weather_pipeline.py
[2026-05-19T06:59:00.867+0000] {logging_mixin.py:188} INFO - [2026-05-19T06:59:00.866+0000] {dag.py:3036} INFO - Sync 1 DAGs
[2026-05-19T06:59:00.893+0000] {logging_mixin.py:188} INFO - [2026-05-19T06:59:00.893+0000] {dag.py:3823} INFO - Setting next_dagrun for weather_etl_pipeline to 2026-05-19 00:00:00+00:00, run_after=2026-05-20 00:00:00+00:00
[2026-05-19T06:59:00.923+0000] {processor.py:183} INFO - Processing /opt/airflow/dags/weather_pipeline.py took 0.473 seconds
[2026-05-19T06:59:31.378+0000] {processor.py:161} INFO - Started process (PID=447) to work on /opt/airflow/dags/weather_pipeline.py
[2026-05-19T06:59:31.379+0000] {processor.py:830} INFO - Processing file /opt/airflow/dags/weather_pipeline.py for tasks to queue
[2026-05-19T06:59:31.380+0000] {logging_mixin.py:188} INFO - [2026-05-19T06:59:31.379+0000] {dagbag.py:538} INFO - Filling up the DagBag from /opt/airflow/dags/weather_pipeline.py
[2026-05-19T06:59:32.082+0000] {processor.py:840} INFO - DAG(s) 'weather_etl_pipeline' retrieved from /opt/airflow/dags/weather_pipeline.py
[2026-05-19T06:59:32.146+0000] {logging_mixin.py:188} INFO - [2026-05-19T06:59:32.146+0000] {dag.py:3036} INFO - Sync 1 DAGs
[2026-05-19T06:59:32.176+0000] {logging_mixin.py:188} INFO - [2026-05-19T06:59:32.176+0000] {dag.py:3823} INFO - Setting next_dagrun for weather_etl_pipeline to 2026-05-19 00:00:00+00:00, run_after=2026-05-20 00:00:00+00:00
[2026-05-19T06:59:32.208+0000] {processor.py:183} INFO - Processing /opt/airflow/dags/weather_pipeline.py took 0.834 seconds
[2026-05-19T07:01:30.533+0000] {processor.py:161} INFO - Started process (PID=163) to work on /opt/airflow/dags/weather_pipeline.py
[2026-05-19T07:01:30.535+0000] {processor.py:830} INFO - Processing file /opt/airflow/dags/weather_pipeline.py for tasks to queue
[2026-05-19T07:01:30.537+0000] {logging_mixin.py:188} INFO - [2026-05-19T07:01:30.537+0000] {dagbag.py:538} INFO - Filling up the DagBag from /opt/airflow/dags/weather_pipeline.py
[2026-05-19T07:01:32.351+0000] {processor.py:840} INFO - DAG(s) 'weather_etl_pipeline' retrieved from /opt/airflow/dags/weather_pipeline.py
[2026-05-19T07:01:32.432+0000] {logging_mixin.py:188} INFO - [2026-05-19T07:01:32.431+0000] {dag.py:3036} INFO - Sync 1 DAGs
[2026-05-19T07:01:32.522+0000] {logging_mixin.py:188} INFO - [2026-05-19T07:01:32.522+0000] {dag.py:3823} INFO - Setting next_dagrun for weather_etl_pipeline to 2026-05-19 00:00:00+00:00, run_after=2026-05-20 00:00:00+00:00
[2026-05-19T07:01:32.557+0000] {processor.py:183} INFO - Processing /opt/airflow/dags/weather_pipeline.py took 2.029 seconds
[2026-05-19T07:02:02.791+0000] {processor.py:161} INFO - Started process (PID=169) to work on /opt/airflow/dags/weather_pipeline.py
[2026-05-19T07:02:02.792+0000] {processor.py:830} INFO - Processing file /opt/airflow/dags/weather_pipeline.py for tasks to queue
[2026-05-19T07:02:02.794+0000] {logging_mixin.py:188} INFO - [2026-05-19T07:02:02.793+0000] {dagbag.py:538} INFO - Filling up the DagBag from /opt/airflow/dags/weather_pipeline.py
[2026-05-19T07:02:03.199+0000] {processor.py:840} INFO - DAG(s) 'weather_etl_pipeline' retrieved from /opt/airflow/dags/weather_pipeline.py
[2026-05-19T07:02:03.625+0000] {logging_mixin.py:188} INFO - [2026-05-19T07:02:03.624+0000] {dag.py:3036} INFO - Sync 1 DAGs
[2026-05-19T07:02:03.650+0000] {logging_mixin.py:188} INFO - [2026-05-19T07:02:03.649+0000] {dag.py:3823} INFO - Setting next_dagrun for weather_etl_pipeline to 2026-05-19 00:00:00+00:00, run_after=2026-05-20 00:00:00+00:00
[2026-05-19T07:02:03.678+0000] {processor.py:183} INFO - Processing /opt/airflow/dags/weather_pipeline.py took 0.890 seconds
[2026-05-19T07:02:34.117+0000] {processor.py:161} INFO - Started process (PID=175) to work on /opt/airflow/dags/weather_pipeline.py
[2026-05-19T07:02:34.119+0000] {processor.py:830} INFO - Processing file /opt/airflow/dags/weather_pipeline.py for tasks to queue
[2026-05-19T07:02:34.122+0000] {logging_mixin.py:188} INFO - [2026-05-19T07:02:34.120+0000] {dagbag.py:538} INFO - Filling up the DagBag from /opt/airflow/dags/weather_pipeline.py
[2026-05-19T07:02:34.528+0000] {processor.py:840} INFO - DAG(s) 'weather_etl_pipeline' retrieved from /opt/airflow/dags/weather_pipeline.py
[2026-05-19T07:02:34.562+0000] {logging_mixin.py:188} INFO - [2026-05-19T07:02:34.562+0000] {dag.py:3036} INFO - Sync 1 DAGs
[2026-05-19T07:02:34.593+0000] {logging_mixin.py:188} INFO - [2026-05-19T07:02:34.593+0000] {dag.py:3823} INFO - Setting next_dagrun for weather_etl_pipeline to 2026-05-19 00:00:00+00:00, run_after=2026-05-20 00:00:00+00:00
[2026-05-19T07:02:34.622+0000] {processor.py:183} INFO - Processing /opt/airflow/dags/weather_pipeline.py took 0.510 seconds
[2026-05-19T07:03:04.986+0000] {processor.py:161} INFO - Started process (PID=181) to work on /opt/airflow/dags/weather_pipeline.py
[2026-05-19T07:03:04.987+0000] {processor.py:830} INFO - Processing file /opt/airflow/dags/weather_pipeline.py for tasks to queue
[2026-05-19T07:03:04.988+0000] {logging_mixin.py:188} INFO - [2026-05-19T07:03:04.988+0000] {dagbag.py:538} INFO - Filling up the DagBag from /opt/airflow/dags/weather_pipeline.py
[2026-05-19T07:03:05.511+0000] {processor.py:840} INFO - DAG(s) 'weather_etl_pipeline' retrieved from /opt/airflow/dags/weather_pipeline.py
[2026-05-19T07:03:05.547+0000] {logging_mixin.py:188} INFO - [2026-05-19T07:03:05.546+0000] {dag.py:3036} INFO - Sync 1 DAGs
[2026-05-19T07:03:05.583+0000] {logging_mixin.py:188} INFO - [2026-05-19T07:03:05.583+0000] {dag.py:3823} INFO - Setting next_dagrun for weather_etl_pipeline to 2026-05-19 00:00:00+00:00, run_after=2026-05-20 00:00:00+00:00
[2026-05-19T07:03:05.627+0000] {processor.py:183} INFO - Processing /opt/airflow/dags/weather_pipeline.py took 0.646 seconds
[2026-05-19T07:03:35.888+0000] {processor.py:161} INFO - Started process (PID=187) to work on /opt/airflow/dags/weather_pipeline.py
[2026-05-19T07:03:35.890+0000] {processor.py:830} INFO - Processing file /opt/airflow/dags/weather_pipeline.py for tasks to queue
[2026-05-19T07:03:35.891+0000] {logging_mixin.py:188} INFO - [2026-05-19T07:03:35.891+0000] {dagbag.py:538} INFO - Filling up the DagBag from /opt/airflow/dags/weather_pipeline.py
[2026-05-19T07:03:36.350+0000] {processor.py:840} INFO - DAG(s) 'weather_etl_pipeline' retrieved from /opt/airflow/dags/weather_pipeline.py
[2026-05-19T07:03:36.388+0000] {logging_mixin.py:188} INFO - [2026-05-19T07:03:36.387+0000] {dag.py:3036} INFO - Sync 1 DAGs
[2026-05-19T07:03:36.415+0000] {logging_mixin.py:188} INFO - [2026-05-19T07:03:36.415+0000] {dag.py:3823} INFO - Setting next_dagrun for weather_etl_pipeline to 2026-05-19 00:00:00+00:00, run_after=2026-05-20 00:00:00+00:00
[2026-05-19T07:03:36.439+0000] {processor.py:183} INFO - Processing /opt/airflow/dags/weather_pipeline.py took 0.556 seconds
[2026-05-19T07:04:06.863+0000] {processor.py:161} INFO - Started process (PID=193) to work on /opt/airflow/dags/weather_pipeline.py
[2026-05-19T07:04:06.865+0000] {processor.py:830} INFO - Processing file /opt/airflow/dags/weather_pipeline.py for tasks to queue
[2026-05-19T07:04:06.867+0000] {logging_mixin.py:188} INFO - [2026-05-19T07:04:06.867+0000] {dagbag.py:538} INFO - Filling up the DagBag from /opt/airflow/dags/weather_pipeline.py
[2026-05-19T07:04:07.220+0000] {processor.py:840} INFO - DAG(s) 'weather_etl_pipeline' retrieved from /opt/airflow/dags/weather_pipeline.py
[2026-05-19T07:04:07.255+0000] {logging_mixin.py:188} INFO - [2026-05-19T07:04:07.254+0000] {dag.py:3036} INFO - Sync 1 DAGs
[2026-05-19T07:04:07.283+0000] {logging_mixin.py:188} INFO - [2026-05-19T07:04:07.283+0000] {dag.py:3823} INFO - Setting next_dagrun for weather_etl_pipeline to 2026-05-19 00:00:00+00:00, run_after=2026-05-20 00:00:00+00:00
[2026-05-19T07:04:07.314+0000] {processor.py:183} INFO - Processing /opt/airflow/dags/weather_pipeline.py took 0.458 seconds
[2026-05-19T07:04:37.620+0000] {processor.py:161} INFO - Started process (PID=199) to work on /opt/airflow/dags/weather_pipeline.py
[2026-05-19T07:04:37.622+0000] {processor.py:830} INFO - Processing file /opt/airflow/dags/weather_pipeline.py for tasks to queue
[2026-05-19T07:04:37.623+0000] {logging_mixin.py:188} INFO - [2026-05-19T07:04:37.623+0000] {dagbag.py:538} INFO - Filling up the DagBag from /opt/airflow/dags/weather_pipeline.py
[2026-05-19T07:04:37.985+0000] {processor.py:840} INFO - DAG(s) 'weather_etl_pipeline' retrieved from /opt/airflow/dags/weather_pipeline.py
[2026-05-19T07:04:38.017+0000] {logging_mixin.py:188} INFO - [2026-05-19T07:04:38.016+0000] {dag.py:3036} INFO - Sync 1 DAGs
[2026-05-19T07:04:38.044+0000] {logging_mixin.py:188} INFO - [2026-05-19T07:04:38.044+0000] {dag.py:3823} INFO - Setting next_dagrun for weather_etl_pipeline to 2026-05-19 00:00:00+00:00, run_after=2026-05-20 00:00:00+00:00
[2026-05-19T07:04:38.073+0000] {processor.py:183} INFO - Processing /opt/airflow/dags/weather_pipeline.py took 0.458 seconds
[2026-05-19T07:05:08.427+0000] {processor.py:161} INFO - Started process (PID=205) to work on /opt/airflow/dags/weather_pipeline.py
[2026-05-19T07:05:08.428+0000] {processor.py:830} INFO - Processing file /opt/airflow/dags/weather_pipeline.py for tasks to queue
[2026-05-19T07:05:08.430+0000] {logging_mixin.py:188} INFO - [2026-05-19T07:05:08.429+0000] {dagbag.py:538} INFO - Filling up the DagBag from /opt/airflow/dags/weather_pipeline.py
[2026-05-19T07:05:08.764+0000] {processor.py:840} INFO - DAG(s) 'weather_etl_pipeline' retrieved from /opt/airflow/dags/weather_pipeline.py
[2026-05-19T07:05:08.799+0000] {logging_mixin.py:188} INFO - [2026-05-19T07:05:08.798+0000] {dag.py:3036} INFO - Sync 1 DAGs
[2026-05-19T07:05:08.827+0000] {logging_mixin.py:188} INFO - [2026-05-19T07:05:08.827+0000] {dag.py:3823} INFO - Setting next_dagrun for weather_etl_pipeline to 2026-05-19 00:00:00+00:00, run_after=2026-05-20 00:00:00+00:00
[2026-05-19T07:05:08.852+0000] {processor.py:183} INFO - Processing /opt/airflow/dags/weather_pipeline.py took 0.428 seconds
[2026-05-19T07:05:39.521+0000] {processor.py:161} INFO - Started process (PID=232) to work on /opt/airflow/dags/weather_pipeline.py
[2026-05-19T07:05:39.530+0000] {processor.py:830} INFO - Processing file /opt/airflow/dags/weather_pipeline.py for tasks to queue
[2026-05-19T07:05:39.535+0000] {logging_mixin.py:188} INFO - [2026-05-19T07:05:39.535+0000] {dagbag.py:538} INFO - Filling up the DagBag from /opt/airflow/dags/weather_pipeline.py
[2026-05-19T07:11:49.538+0000] {processor.py:161} INFO - Started process (PID=187) to work on /opt/airflow/dags/weather_pipeline.py
[2026-05-19T07:11:49.540+0000] {processor.py:830} INFO - Processing file /opt/airflow/dags/weather_pipeline.py for tasks to queue
[2026-05-19T07:11:49.542+0000] {logging_mixin.py:188} INFO - [2026-05-19T07:11:49.541+0000] {dagbag.py:538} INFO - Filling up the DagBag from /opt/airflow/dags/weather_pipeline.py
[2026-05-19T07:11:51.236+0000] {processor.py:840} INFO - DAG(s) 'weather_etl_pipeline' retrieved from /opt/airflow/dags/weather_pipeline.py
[2026-05-19T07:11:51.736+0000] {logging_mixin.py:188} INFO - [2026-05-19T07:11:51.735+0000] {dag.py:3036} INFO - Sync 1 DAGs
[2026-05-19T07:11:51.806+0000] {logging_mixin.py:188} INFO - [2026-05-19T07:11:51.806+0000] {dag.py:3823} INFO - Setting next_dagrun for weather_etl_pipeline to 2026-05-19 00:00:00+00:00, run_after=2026-05-20 00:00:00+00:00
[2026-05-19T07:11:51.866+0000] {processor.py:183} INFO - Processing /opt/airflow/dags/weather_pipeline.py took 2.332 seconds
[2026-05-19T07:12:22.064+0000] {processor.py:161} INFO - Started process (PID=193) to work on /opt/airflow/dags/weather_pipeline.py
[2026-05-19T07:12:22.065+0000] {processor.py:830} INFO - Processing file /opt/airflow/dags/weather_pipeline.py for tasks to queue
[2026-05-19T07:12:22.066+0000] {logging_mixin.py:188} INFO - [2026-05-19T07:12:22.066+0000] {dagbag.py:538} INFO - Filling up the DagBag from /opt/airflow/dags/weather_pipeline.py
[2026-05-19T07:12:22.557+0000] {processor.py:840} INFO - DAG(s) 'weather_etl_pipeline' retrieved from /opt/airflow/dags/weather_pipeline.py
[2026-05-19T07:12:22.597+0000] {logging_mixin.py:188} INFO - [2026-05-19T07:12:22.597+0000] {dag.py:3036} INFO - Sync 1 DAGs
[2026-05-19T07:12:22.630+0000] {logging_mixin.py:188} INFO - [2026-05-19T07:12:22.630+0000] {dag.py:3823} INFO - Setting next_dagrun for weather_etl_pipeline to 2026-05-19 00:00:00+00:00, run_after=2026-05-20 00:00:00+00:00
[2026-05-19T07:12:22.668+0000] {processor.py:183} INFO - Processing /opt/airflow/dags/weather_pipeline.py took 0.607 seconds
[2026-05-19T07:12:52.995+0000] {processor.py:161} INFO - Started process (PID=212) to work on /opt/airflow/dags/weather_pipeline.py
[2026-05-19T07:12:52.996+0000] {processor.py:830} INFO - Processing file /opt/airflow/dags/weather_pipeline.py for tasks to queue
[2026-05-19T07:12:52.998+0000] {logging_mixin.py:188} INFO - [2026-05-19T07:12:52.997+0000] {dagbag.py:538} INFO - Filling up the DagBag from /opt/airflow/dags/weather_pipeline.py
[2026-05-19T07:12:53.434+0000] {processor.py:840} INFO - DAG(s) 'weather_etl_pipeline' retrieved from /opt/airflow/dags/weather_pipeline.py
[2026-05-19T07:12:53.475+0000] {logging_mixin.py:188} INFO - [2026-05-19T07:12:53.475+0000] {dag.py:3036} INFO - Sync 1 DAGs
[2026-05-19T07:12:53.508+0000] {logging_mixin.py:188} INFO - [2026-05-19T07:12:53.508+0000] {dag.py:3823} INFO - Setting next_dagrun for weather_etl_pipeline to 2026-05-19 00:00:00+00:00, run_after=2026-05-20 00:00:00+00:00
[2026-05-19T07:12:53.561+0000] {processor.py:183} INFO - Processing /opt/airflow/dags/weather_pipeline.py took 0.570 seconds
[2026-05-19T07:13:23.810+0000] {processor.py:161} INFO - Started process (PID=218) to work on /opt/airflow/dags/weather_pipeline.py
[2026-05-19T07:13:23.811+0000] {processor.py:830} INFO - Processing file /opt/airflow/dags/weather_pipeline.py for tasks to queue
[2026-05-19T07:13:23.814+0000] {logging_mixin.py:188} INFO - [2026-05-19T07:13:23.813+0000] {dagbag.py:538} INFO - Filling up the DagBag from /opt/airflow/dags/weather_pipeline.py
[2026-05-19T07:13:24.230+0000] {processor.py:840} INFO - DAG(s) 'weather_etl_pipeline' retrieved from /opt/airflow/dags/weather_pipeline.py
[2026-05-19T07:13:24.264+0000] {logging_mixin.py:188} INFO - [2026-05-19T07:13:24.263+0000] {dag.py:3036} INFO - Sync 1 DAGs
[2026-05-19T07:13:24.291+0000] {logging_mixin.py:188} INFO - [2026-05-19T07:13:24.291+0000] {dag.py:3823} INFO - Setting next_dagrun for weather_etl_pipeline to 2026-05-19 00:00:00+00:00, run_after=2026-05-20 00:00:00+00:00
[2026-05-19T07:13:24.321+0000] {processor.py:183} INFO - Processing /opt/airflow/dags/weather_pipeline.py took 0.517 seconds
[2026-05-19T07:13:54.555+0000] {processor.py:161} INFO - Started process (PID=224) to work on /opt/airflow/dags/weather_pipeline.py
[2026-05-19T07:13:54.557+0000] {processor.py:830} INFO - Processing file /opt/airflow/dags/weather_pipeline.py for tasks to queue
[2026-05-19T07:13:54.558+0000] {logging_mixin.py:188} INFO - [2026-05-19T07:13:54.558+0000] {dagbag.py:538} INFO - Filling up the DagBag from /opt/airflow/dags/weather_pipeline.py
[2026-05-19T07:13:54.940+0000] {processor.py:840} INFO - DAG(s) 'weather_etl_pipeline' retrieved from /opt/airflow/dags/weather_pipeline.py
[2026-05-19T07:13:54.973+0000] {logging_mixin.py:188} INFO - [2026-05-19T07:13:54.972+0000] {dag.py:3036} INFO - Sync 1 DAGs
[2026-05-19T07:13:55.000+0000] {logging_mixin.py:188} INFO - [2026-05-19T07:13:55.000+0000] {dag.py:3823} INFO - Setting next_dagrun for weather_etl_pipeline to 2026-05-19 00:00:00+00:00, run_after=2026-05-20 00:00:00+00:00
[2026-05-19T07:13:55.031+0000] {processor.py:183} INFO - Processing /opt/airflow/dags/weather_pipeline.py took 0.479 seconds
[2026-05-19T07:14:25.319+0000] {processor.py:161} INFO - Started process (PID=230) to work on /opt/airflow/dags/weather_pipeline.py
[2026-05-19T07:14:25.320+0000] {processor.py:830} INFO - Processing file /opt/airflow/dags/weather_pipeline.py for tasks to queue
[2026-05-19T07:14:25.322+0000] {logging_mixin.py:188} INFO - [2026-05-19T07:14:25.321+0000] {dagbag.py:538} INFO - Filling up the DagBag from /opt/airflow/dags/weather_pipeline.py
[2026-05-19T07:14:25.645+0000] {processor.py:840} INFO - DAG(s) 'weather_etl_pipeline' retrieved from /opt/airflow/dags/weather_pipeline.py
[2026-05-19T07:14:25.678+0000] {logging_mixin.py:188} INFO - [2026-05-19T07:14:25.678+0000] {dag.py:3036} INFO - Sync 1 DAGs
[2026-05-19T07:14:25.707+0000] {logging_mixin.py:188} INFO - [2026-05-19T07:14:25.707+0000] {dag.py:3823} INFO - Setting next_dagrun for weather_etl_pipeline to 2026-05-19 00:00:00+00:00, run_after=2026-05-20 00:00:00+00:00
[2026-05-19T07:14:25.738+0000] {processor.py:183} INFO - Processing /opt/airflow/dags/weather_pipeline.py took 0.423 seconds
[2026-05-19T07:14:56.019+0000] {processor.py:161} INFO - Started process (PID=236) to work on /opt/airflow/dags/weather_pipeline.py
[2026-05-19T07:14:56.021+0000] {processor.py:830} INFO - Processing file /opt/airflow/dags/weather_pipeline.py for tasks to queue
[2026-05-19T07:14:56.022+0000] {logging_mixin.py:188} INFO - [2026-05-19T07:14:56.022+0000] {dagbag.py:538} INFO - Filling up the DagBag from /opt/airflow/dags/weather_pipeline.py
[2026-05-19T07:14:56.384+0000] {processor.py:840} INFO - DAG(s) 'weather_etl_pipeline' retrieved from /opt/airflow/dags/weather_pipeline.py
[2026-05-19T07:14:56.416+0000] {logging_mixin.py:188} INFO - [2026-05-19T07:14:56.416+0000] {dag.py:3036} INFO - Sync 1 DAGs
[2026-05-19T07:14:56.445+0000] {logging_mixin.py:188} INFO - [2026-05-19T07:14:56.445+0000] {dag.py:3823} INFO - Setting next_dagrun for weather_etl_pipeline to 2026-05-19 00:00:00+00:00, run_after=2026-05-20 00:00:00+00:00
[2026-05-19T07:14:56.472+0000] {processor.py:183} INFO - Processing /opt/airflow/dags/weather_pipeline.py took 0.457 seconds
[2026-05-19T07:15:27.014+0000] {processor.py:161} INFO - Started process (PID=242) to work on /opt/airflow/dags/weather_pipeline.py
[2026-05-19T07:15:27.015+0000] {processor.py:830} INFO - Processing file /opt/airflow/dags/weather_pipeline.py for tasks to queue
[2026-05-19T07:15:27.016+0000] {logging_mixin.py:188} INFO - [2026-05-19T07:15:27.016+0000] {dagbag.py:538} INFO - Filling up the DagBag from /opt/airflow/dags/weather_pipeline.py
[2026-05-19T07:15:27.512+0000] {processor.py:840} INFO - DAG(s) 'weather_etl_pipeline' retrieved from /opt/airflow/dags/weather_pipeline.py
[2026-05-19T07:15:27.547+0000] {logging_mixin.py:188} INFO - [2026-05-19T07:15:27.547+0000] {dag.py:3036} INFO - Sync 1 DAGs
[2026-05-19T07:15:27.574+0000] {logging_mixin.py:188} INFO - [2026-05-19T07:15:27.574+0000] {dag.py:3823} INFO - Setting next_dagrun for weather_etl_pipeline to 2026-05-19 00:00:00+00:00, run_after=2026-05-20 00:00:00+00:00
[2026-05-19T07:15:27.626+0000] {processor.py:183} INFO - Processing /opt/airflow/dags/weather_pipeline.py took 0.616 seconds
[2026-05-19T07:15:57.975+0000] {processor.py:161} INFO - Started process (PID=248) to work on /opt/airflow/dags/weather_pipeline.py
[2026-05-19T07:15:57.977+0000] {processor.py:830} INFO - Processing file /opt/airflow/dags/weather_pipeline.py for tasks to queue
[2026-05-19T07:15:57.978+0000] {logging_mixin.py:188} INFO - [2026-05-19T07:15:57.977+0000] {dagbag.py:538} INFO - Filling up the DagBag from /opt/airflow/dags/weather_pipeline.py
[2026-05-19T07:15:58.612+0000] {processor.py:840} INFO - DAG(s) 'weather_etl_pipeline' retrieved from /opt/airflow/dags/weather_pipeline.py
[2026-05-19T07:15:58.652+0000] {logging_mixin.py:188} INFO - [2026-05-19T07:15:58.651+0000] {dag.py:3036} INFO - Sync 1 DAGs
[2026-05-19T07:15:58.684+0000] {logging_mixin.py:188} INFO - [2026-05-19T07:15:58.684+0000] {dag.py:3823} INFO - Setting next_dagrun for weather_etl_pipeline to 2026-05-19 00:00:00+00:00, run_after=2026-05-20 00:00:00+00:00
[2026-05-19T07:15:58.733+0000] {processor.py:183} INFO - Processing /opt/airflow/dags/weather_pipeline.py took 0.762 seconds
[2026-05-19T07:16:29.204+0000] {processor.py:161} INFO - Started process (PID=254) to work on /opt/airflow/dags/weather_pipeline.py
[2026-05-19T07:16:29.206+0000] {processor.py:830} INFO - Processing file /opt/airflow/dags/weather_pipeline.py for tasks to queue
[2026-05-19T07:16:29.207+0000] {logging_mixin.py:188} INFO - [2026-05-19T07:16:29.207+0000] {dagbag.py:538} INFO - Filling up the DagBag from /opt/airflow/dags/weather_pipeline.py
[2026-05-19T07:16:29.585+0000] {processor.py:840} INFO - DAG(s) 'weather_etl_pipeline' retrieved from /opt/airflow/dags/weather_pipeline.py
[2026-05-19T07:16:29.622+0000] {logging_mixin.py:188} INFO - [2026-05-19T07:16:29.621+0000] {dag.py:3036} INFO - Sync 1 DAGs
[2026-05-19T07:16:29.653+0000] {logging_mixin.py:188} INFO - [2026-05-19T07:16:29.652+0000] {dag.py:3823} INFO - Setting next_dagrun for weather_etl_pipeline to 2026-05-19 00:00:00+00:00, run_after=2026-05-20 00:00:00+00:00
[2026-05-19T07:16:29.677+0000] {processor.py:183} INFO - Processing /opt/airflow/dags/weather_pipeline.py took 0.479 seconds
[2026-05-19T07:17:00.114+0000] {processor.py:161} INFO - Started process (PID=260) to work on /opt/airflow/dags/weather_pipeline.py
[2026-05-19T07:17:00.116+0000] {processor.py:830} INFO - Processing file /opt/airflow/dags/weather_pipeline.py for tasks to queue
[2026-05-19T07:17:00.117+0000] {logging_mixin.py:188} INFO - [2026-05-19T07:17:00.116+0000] {dagbag.py:538} INFO - Filling up the DagBag from /opt/airflow/dags/weather_pipeline.py
[2026-05-19T07:17:00.515+0000] {processor.py:840} INFO - DAG(s) 'weather_etl_pipeline' retrieved from /opt/airflow/dags/weather_pipeline.py
[2026-05-19T07:17:00.553+0000] {logging_mixin.py:188} INFO - [2026-05-19T07:17:00.553+0000] {dag.py:3036} INFO - Sync 1 DAGs
[2026-05-19T07:17:00.585+0000] {logging_mixin.py:188} INFO - [2026-05-19T07:17:00.585+0000] {dag.py:3823} INFO - Setting next_dagrun for weather_etl_pipeline to 2026-05-19 00:00:00+00:00, run_after=2026-05-20 00:00:00+00:00
[2026-05-19T07:17:00.611+0000] {processor.py:183} INFO - Processing /opt/airflow/dags/weather_pipeline.py took 0.503 seconds
[2026-05-19T07:17:30.924+0000] {processor.py:161} INFO - Started process (PID=266) to work on /opt/airflow/dags/weather_pipeline.py
[2026-05-19T07:17:30.926+0000] {processor.py:830} INFO - Processing file /opt/airflow/dags/weather_pipeline.py for tasks to queue
[2026-05-19T07:17:30.930+0000] {logging_mixin.py:188} INFO - [2026-05-19T07:17:30.929+0000] {dagbag.py:538} INFO - Filling up the DagBag from /opt/airflow/dags/weather_pipeline.py
[2026-05-19T07:17:31.392+0000] {processor.py:840} INFO - DAG(s) 'weather_etl_pipeline' retrieved from /opt/airflow/dags/weather_pipeline.py
[2026-05-19T07:17:31.425+0000] {logging_mixin.py:188} INFO - [2026-05-19T07:17:31.425+0000] {dag.py:3036} INFO - Sync 1 DAGs
[2026-05-19T07:17:31.474+0000] {logging_mixin.py:188} INFO - [2026-05-19T07:17:31.474+0000] {dag.py:3823} INFO - Setting next_dagrun for weather_etl_pipeline to 2026-05-19 00:00:00+00:00, run_after=2026-05-20 00:00:00+00:00
[2026-05-19T07:17:31.537+0000] {processor.py:183} INFO - Processing /opt/airflow/dags/weather_pipeline.py took 0.617 seconds
[2026-05-19T07:18:01.904+0000] {processor.py:161} INFO - Started process (PID=272) to work on /opt/airflow/dags/weather_pipeline.py
[2026-05-19T07:18:01.906+0000] {processor.py:830} INFO - Processing file /opt/airflow/dags/weather_pipeline.py for tasks to queue
[2026-05-19T07:18:01.907+0000] {logging_mixin.py:188} INFO - [2026-05-19T07:18:01.907+0000] {dagbag.py:538} INFO - Filling up the DagBag from /opt/airflow/dags/weather_pipeline.py
[2026-05-19T07:18:02.357+0000] {processor.py:840} INFO - DAG(s) 'weather_etl_pipeline' retrieved from /opt/airflow/dags/weather_pipeline.py
[2026-05-19T07:18:02.390+0000] {logging_mixin.py:188} INFO - [2026-05-19T07:18:02.389+0000] {dag.py:3036} INFO - Sync 1 DAGs
[2026-05-19T07:18:02.419+0000] {logging_mixin.py:188} INFO - [2026-05-19T07:18:02.419+0000] {dag.py:3823} INFO - Setting next_dagrun for weather_etl_pipeline to 2026-05-19 00:00:00+00:00, run_after=2026-05-20 00:00:00+00:00
[2026-05-19T07:18:02.450+0000] {processor.py:183} INFO - Processing /opt/airflow/dags/weather_pipeline.py took 0.550 seconds
[2026-05-19T07:18:32.650+0000] {processor.py:161} INFO - Started process (PID=278) to work on /opt/airflow/dags/weather_pipeline.py
[2026-05-19T07:18:32.652+0000] {processor.py:830} INFO - Processing file /opt/airflow/dags/weather_pipeline.py for tasks to queue
[2026-05-19T07:18:32.654+0000] {logging_mixin.py:188} INFO - [2026-05-19T07:18:32.654+0000] {dagbag.py:538} INFO - Filling up the DagBag from /opt/airflow/dags/weather_pipeline.py
[2026-05-19T07:18:33.101+0000] {processor.py:840} INFO - DAG(s) 'weather_etl_pipeline' retrieved from /opt/airflow/dags/weather_pipeline.py
[2026-05-19T07:18:33.139+0000] {logging_mixin.py:188} INFO - [2026-05-19T07:18:33.138+0000] {dag.py:3036} INFO - Sync 1 DAGs
[2026-05-19T07:18:33.168+0000] {logging_mixin.py:188} INFO - [2026-05-19T07:18:33.167+0000] {dag.py:3823} INFO - Setting next_dagrun for weather_etl_pipeline to 2026-05-19 00:00:00+00:00, run_after=2026-05-20 00:00:00+00:00
[2026-05-19T07:18:33.193+0000] {processor.py:183} INFO - Processing /opt/airflow/dags/weather_pipeline.py took 0.549 seconds
[2026-05-19T07:19:03.701+0000] {processor.py:161} INFO - Started process (PID=284) to work on /opt/airflow/dags/weather_pipeline.py
[2026-05-19T07:19:03.703+0000] {processor.py:830} INFO - Processing file /opt/airflow/dags/weather_pipeline.py for tasks to queue
[2026-05-19T07:19:03.705+0000] {logging_mixin.py:188} INFO - [2026-05-19T07:19:03.704+0000] {dagbag.py:538} INFO - Filling up the DagBag from /opt/airflow/dags/weather_pipeline.py
[2026-05-19T07:19:04.094+0000] {processor.py:840} INFO - DAG(s) 'weather_etl_pipeline' retrieved from /opt/airflow/dags/weather_pipeline.py
[2026-05-19T07:19:04.126+0000] {logging_mixin.py:188} INFO - [2026-05-19T07:19:04.125+0000] {dag.py:3036} INFO - Sync 1 DAGs
[2026-05-19T07:19:04.177+0000] {logging_mixin.py:188} INFO - [2026-05-19T07:19:04.177+0000] {dag.py:3823} INFO - Setting next_dagrun for weather_etl_pipeline to 2026-05-19 00:00:00+00:00, run_after=2026-05-20 00:00:00+00:00
[2026-05-19T07:19:04.215+0000] {processor.py:183} INFO - Processing /opt/airflow/dags/weather_pipeline.py took 0.519 seconds
[2026-05-19T07:19:34.423+0000] {processor.py:161} INFO - Started process (PID=290) to work on /opt/airflow/dags/weather_pipeline.py
[2026-05-19T07:19:34.425+0000] {processor.py:830} INFO - Processing file /opt/airflow/dags/weather_pipeline.py for tasks to queue
[2026-05-19T07:19:34.426+0000] {logging_mixin.py:188} INFO - [2026-05-19T07:19:34.426+0000] {dagbag.py:538} INFO - Filling up the DagBag from /opt/airflow/dags/weather_pipeline.py
[2026-05-19T07:19:34.794+0000] {processor.py:840} INFO - DAG(s) 'weather_etl_pipeline' retrieved from /opt/airflow/dags/weather_pipeline.py
[2026-05-19T07:19:34.830+0000] {logging_mixin.py:188} INFO - [2026-05-19T07:19:34.829+0000] {dag.py:3036} INFO - Sync 1 DAGs
[2026-05-19T07:19:34.869+0000] {logging_mixin.py:188} INFO - [2026-05-19T07:19:34.869+0000] {dag.py:3823} INFO - Setting next_dagrun for weather_etl_pipeline to 2026-05-19 00:00:00+00:00, run_after=2026-05-20 00:00:00+00:00
[2026-05-19T07:19:34.902+0000] {processor.py:183} INFO - Processing /opt/airflow/dags/weather_pipeline.py took 0.485 seconds
[2026-05-19T07:20:05.236+0000] {processor.py:161} INFO - Started process (PID=296) to work on /opt/airflow/dags/weather_pipeline.py
[2026-05-19T07:20:05.237+0000] {processor.py:830} INFO - Processing file /opt/airflow/dags/weather_pipeline.py for tasks to queue
[2026-05-19T07:20:05.238+0000] {logging_mixin.py:188} INFO - [2026-05-19T07:20:05.238+0000] {dagbag.py:538} INFO - Filling up the DagBag from /opt/airflow/dags/weather_pipeline.py
[2026-05-19T07:20:05.635+0000] {processor.py:840} INFO - DAG(s) 'weather_etl_pipeline' retrieved from /opt/airflow/dags/weather_pipeline.py
[2026-05-19T07:20:05.694+0000] {logging_mixin.py:188} INFO - [2026-05-19T07:20:05.693+0000] {dag.py:3036} INFO - Sync 1 DAGs
[2026-05-19T07:20:05.731+0000] {logging_mixin.py:188} INFO - [2026-05-19T07:20:05.730+0000] {dag.py:3823} INFO - Setting next_dagrun for weather_etl_pipeline to 2026-05-19 00:00:00+00:00, run_after=2026-05-20 00:00:00+00:00
[2026-05-19T07:20:05.763+0000] {processor.py:183} INFO - Processing /opt/airflow/dags/weather_pipeline.py took 0.531 seconds
[2026-05-19T07:20:36.077+0000] {processor.py:161} INFO - Started process (PID=302) to work on /opt/airflow/dags/weather_pipeline.py
[2026-05-19T07:20:36.079+0000] {processor.py:830} INFO - Processing file /opt/airflow/dags/weather_pipeline.py for tasks to queue
[2026-05-19T07:20:36.080+0000] {logging_mixin.py:188} INFO - [2026-05-19T07:20:36.079+0000] {dagbag.py:538} INFO - Filling up the DagBag from /opt/airflow/dags/weather_pipeline.py
[2026-05-19T07:20:36.413+0000] {processor.py:840} INFO - DAG(s) 'weather_etl_pipeline' retrieved from /opt/airflow/dags/weather_pipeline.py
[2026-05-19T07:20:36.447+0000] {logging_mixin.py:188} INFO - [2026-05-19T07:20:36.446+0000] {dag.py:3036} INFO - Sync 1 DAGs
[2026-05-19T07:20:36.476+0000] {logging_mixin.py:188} INFO - [2026-05-19T07:20:36.476+0000] {dag.py:3823} INFO - Setting next_dagrun for weather_etl_pipeline to 2026-05-19 00:00:00+00:00, run_after=2026-05-20 00:00:00+00:00
[2026-05-19T07:20:36.501+0000] {processor.py:183} INFO - Processing /opt/airflow/dags/weather_pipeline.py took 0.427 seconds
[2026-05-19T07:21:06.897+0000] {processor.py:161} INFO - Started process (PID=308) to work on /opt/airflow/dags/weather_pipeline.py
[2026-05-19T07:21:06.899+0000] {processor.py:830} INFO - Processing file /opt/airflow/dags/weather_pipeline.py for tasks to queue
[2026-05-19T07:21:06.900+0000] {logging_mixin.py:188} INFO - [2026-05-19T07:21:06.900+0000] {dagbag.py:538} INFO - Filling up the DagBag from /opt/airflow/dags/weather_pipeline.py
[2026-05-19T07:21:07.286+0000] {processor.py:840} INFO - DAG(s) 'weather_etl_pipeline' retrieved from /opt/airflow/dags/weather_pipeline.py
[2026-05-19T07:21:07.319+0000] {logging_mixin.py:188} INFO - [2026-05-19T07:21:07.319+0000] {dag.py:3036} INFO - Sync 1 DAGs
[2026-05-19T07:21:07.351+0000] {logging_mixin.py:188} INFO - [2026-05-19T07:21:07.351+0000] {dag.py:3823} INFO - Setting next_dagrun for weather_etl_pipeline to 2026-05-19 00:00:00+00:00, run_after=2026-05-20 00:00:00+00:00
[2026-05-19T07:21:07.389+0000] {processor.py:183} INFO - Processing /opt/airflow/dags/weather_pipeline.py took 0.495 seconds
[2026-05-19T07:21:37.692+0000] {processor.py:161} INFO - Started process (PID=314) to work on /opt/airflow/dags/weather_pipeline.py
[2026-05-19T07:21:37.693+0000] {processor.py:830} INFO - Processing file /opt/airflow/dags/weather_pipeline.py for tasks to queue
[2026-05-19T07:21:37.694+0000] {logging_mixin.py:188} INFO - [2026-05-19T07:21:37.694+0000] {dagbag.py:538} INFO - Filling up the DagBag from /opt/airflow/dags/weather_pipeline.py
[2026-05-19T07:21:38.088+0000] {processor.py:840} INFO - DAG(s) 'weather_etl_pipeline' retrieved from /opt/airflow/dags/weather_pipeline.py
[2026-05-19T07:21:38.166+0000] {logging_mixin.py:188} INFO - [2026-05-19T07:21:38.165+0000] {dag.py:3036} INFO - Sync 1 DAGs
[2026-05-19T07:21:38.220+0000] {logging_mixin.py:188} INFO - [2026-05-19T07:21:38.220+0000] {dag.py:3823} INFO - Setting next_dagrun for weather_etl_pipeline to 2026-05-19 00:00:00+00:00, run_after=2026-05-20 00:00:00+00:00
[2026-05-19T07:21:38.261+0000] {processor.py:183} INFO - Processing /opt/airflow/dags/weather_pipeline.py took 0.573 seconds
