[2026-05-20T03:07:43.062+0000] {taskinstance.py:1956} INFO - Dependencies all met for dep_context=non-requeueable deps ti=<TaskInstance: weather_etl_pipeline.transform_data manual__2026-05-20T03:07:38.780436+00:00 [queued]>
[2026-05-20T03:07:43.072+0000] {taskinstance.py:1956} INFO - Dependencies all met for dep_context=requeueable deps ti=<TaskInstance: weather_etl_pipeline.transform_data manual__2026-05-20T03:07:38.780436+00:00 [queued]>
[2026-05-20T03:07:43.073+0000] {taskinstance.py:2170} INFO - Starting attempt 1 of 2
[2026-05-20T03:07:43.093+0000] {taskinstance.py:2191} INFO - Executing <Task(PythonOperator): transform_data> on 2026-05-20 03:07:38.780436+00:00
[2026-05-20T03:07:43.098+0000] {standard_task_runner.py:60} INFO - Started process 186 to run task
[2026-05-20T03:07:43.101+0000] {standard_task_runner.py:87} INFO - Running: ['***', 'tasks', 'run', 'weather_etl_pipeline', 'transform_data', 'manual__2026-05-20T03:07:38.780436+00:00', '--job-id', '27', '--raw', '--subdir', 'DAGS_FOLDER/weather_pipeline.py', '--cfg-path', '/tmp/tmpt2bki3wj']
[2026-05-20T03:07:43.104+0000] {standard_task_runner.py:88} INFO - Job 27: Subtask transform_data
[2026-05-20T03:07:43.181+0000] {task_command.py:423} INFO - Running <TaskInstance: weather_etl_pipeline.transform_data manual__2026-05-20T03:07:38.780436+00:00 [running]> on host 5e8a7ebbc558
[2026-05-20T03:07:43.587+0000] {taskinstance.py:2480} INFO - Exporting env vars: AIRFLOW_CTX_DAG_OWNER='you' AIRFLOW_CTX_DAG_ID='weather_etl_pipeline' AIRFLOW_CTX_TASK_ID='transform_data' AIRFLOW_CTX_EXECUTION_DATE='2026-05-20T03:07:38.780436+00:00' AIRFLOW_CTX_TRY_NUMBER='1' AIRFLOW_CTX_DAG_RUN_ID='manual__2026-05-20T03:07:38.780436+00:00'
[2026-05-20T03:07:43.589+0000] {taskinstance.py:2698} ERROR - Task failed with exception
Traceback (most recent call last):
  File "/home/airflow/.local/lib/python3.8/site-packages/airflow/models/taskinstance.py", line 433, in _execute_task
    result = execute_callable(context=context, **execute_callable_kwargs)
  File "/home/airflow/.local/lib/python3.8/site-packages/airflow/operators/python.py", line 199, in execute
    return_value = self.execute_callable()
  File "/home/airflow/.local/lib/python3.8/site-packages/airflow/operators/python.py", line 216, in execute_callable
    return self.python_callable(*self.op_args, **self.op_kwargs)
  File "/opt/airflow/dags/weather_pipeline.py", line 32, in transform_data
    from pyspark.sql import SparkSession
ModuleNotFoundError: No module named 'pyspark'
[2026-05-20T03:07:43.614+0000] {taskinstance.py:1138} INFO - Marking task as UP_FOR_RETRY. dag_id=weather_etl_pipeline, task_id=transform_data, execution_date=20260520T030738, start_date=20260520T030743, end_date=20260520T030743
[2026-05-20T03:07:43.642+0000] {standard_task_runner.py:107} ERROR - Failed to execute job 27 for task transform_data (No module named 'pyspark'; 186)
[2026-05-20T03:07:43.679+0000] {local_task_job_runner.py:234} INFO - Task exited with return code 1
[2026-05-20T03:07:43.755+0000] {taskinstance.py:3280} INFO - 0 downstream tasks scheduled from follow-on schedule check
