[2026-05-20T02:52:50.516+0000] {taskinstance.py:1956} INFO - Dependencies all met for dep_context=non-requeueable deps ti=<TaskInstance: weather_etl_pipeline.transform_data manual__2026-05-20T02:45:45+00:00 [queued]>
[2026-05-20T02:52:50.530+0000] {taskinstance.py:1956} INFO - Dependencies all met for dep_context=requeueable deps ti=<TaskInstance: weather_etl_pipeline.transform_data manual__2026-05-20T02:45:45+00:00 [queued]>
[2026-05-20T02:52:50.531+0000] {taskinstance.py:2170} INFO - Starting attempt 2 of 2
[2026-05-20T02:52:50.559+0000] {taskinstance.py:2191} INFO - Executing <Task(PythonOperator): transform_data> on 2026-05-20 02:45:45+00:00
[2026-05-20T02:52:50.566+0000] {standard_task_runner.py:60} INFO - Started process 314 to run task
[2026-05-20T02:52:50.570+0000] {standard_task_runner.py:87} INFO - Running: ['***', 'tasks', 'run', 'weather_etl_pipeline', 'transform_data', 'manual__2026-05-20T02:45:45+00:00', '--job-id', '19', '--raw', '--subdir', 'DAGS_FOLDER/weather_pipeline.py', '--cfg-path', '/tmp/tmpsek28jga']
[2026-05-20T02:52:50.573+0000] {standard_task_runner.py:88} INFO - Job 19: Subtask transform_data
[2026-05-20T02:52:50.676+0000] {task_command.py:423} INFO - Running <TaskInstance: weather_etl_pipeline.transform_data manual__2026-05-20T02:45:45+00:00 [running]> on host 9ac9fad90cac
[2026-05-20T02:52:51.026+0000] {taskinstance.py:2480} INFO - Exporting env vars: AIRFLOW_CTX_DAG_OWNER='you' AIRFLOW_CTX_DAG_ID='weather_etl_pipeline' AIRFLOW_CTX_TASK_ID='transform_data' AIRFLOW_CTX_EXECUTION_DATE='2026-05-20T02:45:45+00:00' AIRFLOW_CTX_TRY_NUMBER='2' AIRFLOW_CTX_DAG_RUN_ID='manual__2026-05-20T02:45:45+00:00'
[2026-05-20T02:52:51.055+0000] {taskinstance.py:2698} ERROR - Task failed with exception
Traceback (most recent call last):
  File "/home/airflow/.local/lib/python3.8/site-packages/airflow/models/taskinstance.py", line 433, in _execute_task
    result = execute_callable(context=context, **execute_callable_kwargs)
  File "/home/airflow/.local/lib/python3.8/site-packages/airflow/operators/python.py", line 199, in execute
    return_value = self.execute_callable()
  File "/home/airflow/.local/lib/python3.8/site-packages/airflow/operators/python.py", line 216, in execute_callable
    return self.python_callable(*self.op_args, **self.op_kwargs)
  File "/opt/airflow/dags/weather_pipeline.py", line 38, in transform_data
    raise Exception(result.stderr)
Exception: Cannot connect to the Docker daemon at unix:///var/run/docker.sock. Is the docker daemon running?

[2026-05-20T02:52:51.075+0000] {taskinstance.py:1138} INFO - Marking task as FAILED. dag_id=weather_etl_pipeline, task_id=transform_data, execution_date=20260520T024545, start_date=20260520T025250, end_date=20260520T025251
[2026-05-20T02:52:51.124+0000] {standard_task_runner.py:107} ERROR - Failed to execute job 19 for task transform_data (Cannot connect to the Docker daemon at unix:///var/run/docker.sock. Is the docker daemon running?
; 314)
[2026-05-20T02:52:51.146+0000] {local_task_job_runner.py:234} INFO - Task exited with return code 1
[2026-05-20T02:52:51.188+0000] {taskinstance.py:3280} INFO - 0 downstream tasks scheduled from follow-on schedule check
